2025-08-19 01:06:38 info: Pool Event: A client connected successfully! 
2025-08-19 12:21:27 info: Pool Event: A client connected successfully! 
2025-08-19 13:18:05 info: blockchain.js: Successfully loaded contract addresses from: M:\Desktop\CamAppServer\config\contractAddresses.json 
2025-08-19 13:18:05 info: Contracts (from blockchain.js): 
2025-08-19 13:18:05 info: NOVA   : 0x49fc118e0c9931f8b287292b2e61b571651f01ec 
2025-08-19 13:18:05 info: Profiles: 0x12f4d09be9712C98Fb720dfa001BFb2a793C4DEF 
2025-08-19 13:18:05 info: Auction : 0xf471af2aFF654A07CD9f55B6cfa22dD019FbaFEf 
2025-08-19 13:18:05 info: OfferBk : 0x21C5AA053529A8bB2CF78D8aBcaE2b29e6b43fa7 
2025-08-19 13:18:05 info: Pool Event: A client connected successfully! 
2025-08-19 13:18:05 info: Successfully connected to the PostgreSQL database! 
2025-08-19 13:18:05 info: Dummy query result (current DB time): 
2025-08-19 13:18:46 info: Pool Event: A client connected successfully! 
2025-08-19 13:18:46 info: User logged in: seller_run15@example.com 
2025-08-19 13:19:11 info: Pool Event: A client connected successfully! 
2025-08-19 13:34:29 info: Pool Event: A client connected successfully! 
2025-08-19 13:58:59 info: Pool Event: A client connected successfully! 
2025-08-19 13:58:59 info: User logged in: buyer_run15@example.com 
2025-08-19 13:59:18 warn: Authentication failed: No token provided. 
2025-08-19 14:13:58 info: blockchain.js: Successfully loaded contract addresses from: M:\Desktop\CamAppServer\config\contractAddresses.json 
2025-08-19 14:13:58 info: Contracts (from blockchain.js): 
2025-08-19 14:13:58 info: NOVA   : 0x49fc118e0c9931f8b287292b2e61b571651f01ec 
2025-08-19 14:13:58 info: Profiles: 0x12f4d09be9712C98Fb720dfa001BFb2a793C4DEF 
2025-08-19 14:13:58 info: Auction : 0xf471af2aFF654A07CD9f55B6cfa22dD019FbaFEf 
2025-08-19 14:13:58 info: OfferBk : 0x21C5AA053529A8bB2CF78D8aBcaE2b29e6b43fa7 
2025-08-19 14:13:58 info: Pool Event: A client connected successfully! 
2025-08-19 14:13:58 info: Successfully connected to the PostgreSQL database! 
2025-08-19 14:13:58 info: Dummy query result (current DB time): 
2025-08-19 14:14:11 warn: Authentication failed: No token provided. 
2025-08-19 14:14:21 info: User logged in: buyer_run15@example.com 
2025-08-19 14:14:26 warn: Authentication failed: No token provided. 
2025-08-19 15:58:33 info: Pool Event: A client connected successfully! 
2025-08-19 15:58:33 info: Created custodial wallet: 0x0742d32C2CFe2bAE8eb6f23e4A16E297140bF5D9 
2025-08-19 15:58:33 info: User created with ID: 44, Email: a2lg@gmail.com 
2025-08-19 15:58:44 info: User logged in: a2lg@gmail.com 
2025-08-19 15:59:00 info: Pool Event: A client connected successfully! 
2025-08-19 15:59:04 warn: Authentication failed: No token provided. 
2025-08-19 16:07:16 info: Pool Event: A client connected successfully! 
2025-08-19 16:07:16 info: User logged in: buyer_run15@example.com 
2025-08-19 16:23:46 info: blockchain.js: Successfully loaded contract addresses from: M:\Desktop\CamAppServer\config\contractAddresses.json 
2025-08-19 16:23:46 info: Contracts (from blockchain.js): 
2025-08-19 16:23:46 info: NOVA   : 0x49fc118e0c9931f8b287292b2e61b571651f01ec 
2025-08-19 16:23:46 info: Profiles: 0x12f4d09be9712C98Fb720dfa001BFb2a793C4DEF 
2025-08-19 16:23:46 info: Auction : 0xf471af2aFF654A07CD9f55B6cfa22dD019FbaFEf 
2025-08-19 16:23:46 info: OfferBk : 0x21C5AA053529A8bB2CF78D8aBcaE2b29e6b43fa7 
2025-08-19 16:23:46 info: Pool Event: A client connected successfully! 
2025-08-19 16:23:47 info: Successfully connected to the PostgreSQL database! 
2025-08-19 16:23:47 info: Dummy query result (current DB time): 
2025-08-19 16:25:08 info: Pool Event: A client connected successfully! 
2025-08-19 16:27:55 info: Pool Event: A client connected successfully! 
2025-08-19 16:27:55 info: User logged in: buyer_run15@example.com 
2025-08-19 16:28:29 info: Pool Event: A client connected successfully! 
2025-08-19 16:28:30 info: User logged in: buyer_run15@example.com 
2025-08-19 16:28:39 error: Error updating user profile for userId 39 in DB: 
2025-08-19 16:28:39 error: Error updating profile for user ID 39: displayName is not defined 
ReferenceError: displayName is not defined
    at Object.updateUserProfile (M:\Desktop\CamAppServer\src\services\db.js:161:21)
    at process.processTicksAndRejections (node:internal/process/task_queues:95:5)
    at async M:\Desktop\CamAppServer\src\routes\user.js:162:28
2025-08-19 16:28:50 info: Pool Event: A client connected successfully! 
2025-08-19 16:28:50 error: Error updating user profile for userId 39 in DB: 
2025-08-19 16:28:50 error: Error updating profile for user ID 39: displayName is not defined 
ReferenceError: displayName is not defined
    at Object.updateUserProfile (M:\Desktop\CamAppServer\src\services\db.js:161:21)
    at process.processTicksAndRejections (node:internal/process/task_queues:95:5)
    at async M:\Desktop\CamAppServer\src\routes\user.js:162:28
2025-08-19 16:43:07 info: blockchain.js: Successfully loaded contract addresses from: M:\Desktop\CamAppServer\config\contractAddresses.json 
2025-08-19 16:43:07 info: Contracts (from blockchain.js): 
2025-08-19 16:43:07 info: NOVA   : 0x49fc118e0c9931f8b287292b2e61b571651f01ec 
2025-08-19 16:43:07 info: Profiles: 0x12f4d09be9712C98Fb720dfa001BFb2a793C4DEF 
2025-08-19 16:43:07 info: Auction : 0xf471af2aFF654A07CD9f55B6cfa22dD019FbaFEf 
2025-08-19 16:43:07 info: OfferBk : 0x21C5AA053529A8bB2CF78D8aBcaE2b29e6b43fa7 
2025-08-19 16:43:07 info: Pool Event: A client connected successfully! 
2025-08-19 16:43:07 info: Successfully connected to the PostgreSQL database! 
2025-08-19 16:43:07 info: Dummy query result (current DB time): 
2025-08-19 16:43:35 info: Pool Event: A client connected successfully! 
2025-08-19 16:58:43 info: Pool Event: A client connected successfully! 
2025-08-19 17:02:11 info: Pool Event: A client connected successfully! 
2025-08-19 17:04:31 info: Pool Event: A client connected successfully! 
2025-08-19 17:11:13 info: Pool Event: A client connected successfully! 
2025-08-19 17:11:24 info: Pool Event: A client connected successfully! 
2025-08-19 17:13:42 info: Pool Event: A client connected successfully! 
2025-08-19 17:13:42 info: User logged in: seller_run15@example.com 
2025-08-19 17:38:47 info: Pool Event: A client connected successfully! 
2025-08-19 17:38:47 info: User logged in: seller_run15@example.com 
2025-08-19 17:39:55 info: Pool Event: A client connected successfully! 
2025-08-19 18:01:45 error: jwt expired 
TokenExpiredError: jwt expired
    at M:\Desktop\CamAppServer\node_modules\jsonwebtoken\verify.js:190:21
    at getSecret (M:\Desktop\CamAppServer\node_modules\jsonwebtoken\verify.js:97:14)
    at module.exports [as verify] (M:\Desktop\CamAppServer\node_modules\jsonwebtoken\verify.js:101:10)
    at authenticateToken (M:\Desktop\CamAppServer\src\middleware\authenticateToken.js:16:9)
    at Layer.handle [as handle_request] (M:\Desktop\CamAppServer\node_modules\express\lib\router\layer.js:95:5)
    at next (M:\Desktop\CamAppServer\node_modules\express\lib\router\route.js:149:13)
    at Route.dispatch (M:\Desktop\CamAppServer\node_modules\express\lib\router\route.js:119:3)
    at Layer.handle [as handle_request] (M:\Desktop\CamAppServer\node_modules\express\lib\router\layer.js:95:5)
    at M:\Desktop\CamAppServer\node_modules\express\lib\router\index.js:284:15
    at Function.process_params (M:\Desktop\CamAppServer\node_modules\express\lib\router\index.js:346:12)
2025-08-19 18:03:38 info: Pool Event: A client connected successfully! 
2025-08-19 18:03:38 info: User logged in: seller_run15@example.com 
2025-08-19 18:03:53 info: Pool Event: A client connected successfully! 
2025-08-19 18:03:54 info: DEBUG: Attempting approveProfileForSale transaction for tokenId 29. 
2025-08-19 18:03:54 info: DEBUG: Using approveGasOptions: {"nonce":6,"gasLimit":150000,"maxPriorityFeePerGas":{"type":"BigNumber","hex":"0x06fc23ac00"},"maxFeePerGas":{"type":"BigNumber","hex":"0x0ba43b7400"}} 
2025-08-19 18:03:54 info: DEBUG: User Wallet Address: 0x0E7eA3211d40fb05358775a4FA3FAA53cD6Dc254 
2025-08-19 18:03:54 info: DEBUG: NovaProfiles Contract Address: 0x12f4d09be9712C98Fb720dfa001BFb2a793C4DEF 
2025-08-19 18:03:54 info: DEBUG: NFTAuctionHouse Contract Address: 0xf471af2aFF654A07CD9f55B6cfa22dD019FbaFEf 
2025-08-19 18:04:25 info: Pool Event: A client connected successfully! 
2025-08-19 18:04:28 info: Existing listing found for NFT 29, updating it. 
2025-08-19 18:04:28 info: Listing 5 updated with auction details. 
2025-08-19 18:07:45 info: Pool Event: A client connected successfully! 
2025-08-19 18:15:18 info: Pool Event: A client connected successfully! 
2025-08-19 18:22:18 info: Pool Event: A client connected successfully! 
2025-08-19 18:32:29 info: Pool Event: A client connected successfully! 
2025-08-19 18:35:23 info: Pool Event: A client connected successfully! 
2025-08-19 20:23:21 info: Pool Event: A client connected successfully! 
2025-08-19 20:23:21 info: User logged in: seller_run15@example.com 
2025-08-19 20:25:14 info: Pool Event: A client connected successfully! 
2025-08-19 20:25:14 info: User logged in: seller_run15@example.com 
2025-08-19 20:27:50 info: Pool Event: A client connected successfully! 
2025-08-19 20:30:24 info: blockchain.js: Successfully loaded contract addresses from: M:\Desktop\CamAppServer\config\contractAddresses.json 
2025-08-19 20:30:24 info: Contracts (from blockchain.js): 
2025-08-19 20:30:24 info: NOVA   : 0x49fc118e0c9931f8b287292b2e61b571651f01ec 
2025-08-19 20:30:24 info: Profiles: 0x12f4d09be9712C98Fb720dfa001BFb2a793C4DEF 
2025-08-19 20:30:24 info: Auction : 0xf471af2aFF654A07CD9f55B6cfa22dD019FbaFEf 
2025-08-19 20:30:24 info: OfferBk : 0x21C5AA053529A8bB2CF78D8aBcaE2b29e6b43fa7 
2025-08-19 20:30:24 info: Pool Event: A client connected successfully! 
2025-08-19 20:30:24 info: Successfully connected to the PostgreSQL database! 
2025-08-19 20:30:24 info: Dummy query result (current DB time): 
2025-08-19 20:32:46 info: Pool Event: A client connected successfully! 
2025-08-19 20:32:46 info: User logged in: seller_run15@example.com 
2025-08-19 20:33:07 info: Pool Event: A client connected successfully! 
2025-08-19 20:33:09 error: Error adding NFT to DB (Token ID undefined): 
2025-08-19 20:33:09 error: Error in /create-profile endpoint: null value in column "token_id" of relation "nfts" violates not-null constraint 
error: null value in column "token_id" of relation "nfts" violates not-null constraint
    at M:\Desktop\CamAppServer\node_modules\pg\lib\client.js:545:17
    at process.processTicksAndRejections (node:internal/process/task_queues:95:5)
    at async Object.addNFT (M:\Desktop\CamAppServer\src\services\db.js:202:21)
    at async M:\Desktop\CamAppServer\src\routes\nft.js:81:5
2025-08-19 22:17:56 info: blockchain.js: Successfully loaded contract addresses from: M:\Desktop\CamAppServer\config\contractAddresses.json 
2025-08-19 22:17:56 info: Contracts (from blockchain.js): 
2025-08-19 22:17:56 info: NOVA   : 0x49fc118e0c9931f8b287292b2e61b571651f01ec 
2025-08-19 22:17:56 info: Profiles: 0x12f4d09be9712C98Fb720dfa001BFb2a793C4DEF 
2025-08-19 22:17:56 info: Auction : 0xf471af2aFF654A07CD9f55B6cfa22dD019FbaFEf 
2025-08-19 22:17:56 info: OfferBk : 0x21C5AA053529A8bB2CF78D8aBcaE2b29e6b43fa7 
2025-08-19 22:17:56 info: Pool Event: A client connected successfully! 
2025-08-19 22:17:56 info: Successfully connected to the PostgreSQL database! 
2025-08-19 22:17:56 info: Dummy query result (current DB time): 
2025-08-19 22:19:13 info: Pool Event: A client connected successfully! 
2025-08-19 22:19:13 info: User logged in: seller_run15@example.com 
2025-08-19 22:19:36 info: Pool Event: A client connected successfully! 
2025-08-19 22:19:38 info: Minting profile NFT for seller_run15@example.com with CID QmWWvYTJ93WZbvarMB6HXEW1XSJq2Vmx9B1NjyqEp654Qp... 
2025-08-19 22:19:38 info: Transaction sent with hash: 0xc492b59499354cbec4a00c8dee9330b15f9959dae458803d0aa6ca46bdb59b38. Waiting for receipt... 
2025-08-19 22:19:43 error: Error in createBlockchainProfile for user seller_run15@example.com: transaction failed [ See: https://links.ethers.org/v5-errors-CALL_EXCEPTION ] (transactionHash="0xc492b59499354cbec4a00c8dee9330b15f9959dae458803d0aa6ca46bdb59b38", transaction={"type":2,"chainId":80002,"nonce":9,"maxPriorityFeePerGas":{"type":"BigNumber","hex":"0x06fc23ac00"},"maxFeePerGas":{"type":"BigNumber","hex":"0x0df8475800"},"gasPrice":null,"gasLimit":{"type":"BigNumber","hex":"0x0493e0"},"to":"0x12f4d09be9712C98Fb720dfa001BFb2a793C4DEF","value":{"type":"BigNumber","hex":"0x00"},"data":"0xba1feb8a00000000000000000000000000000000000000000000000000000000000000400000000000000000000000000000000000000000000000000000000000000080000000000000000000000000000000000000000000000000000000000000001873656c6c65725f72756e3135406578616d706c652e636f6d00000000000000000000000000000000000000000000000000000000000000000000000000000035697066733a2f2f516d57577659544a3933575a627661724d4236485845573158534a7132566d783942314e6a7971457036353451700000000000000000000000","accessList":[],"hash":"0xc492b59499354cbec4a00c8dee9330b15f9959dae458803d0aa6ca46bdb59b38","v":1,"r":"0xe47ced4e2cc222d079c06c2631e7016fa800ff3b05e9d747db0b4a987da8743f","s":"0x6d7969b48be86a1fa9b8725b274957036ba36ff074dcc661562d8809e90e9958","from":"0x0E7eA3211d40fb05358775a4FA3FAA53cD6Dc254","confirmations":0}, receipt={"to":"0x12f4d09be9712C98Fb720dfa001BFb2a793C4DEF","from":"0x0E7eA3211d40fb05358775a4FA3FAA53cD6Dc254","contractAddress":null,"transactionIndex":1,"gasUsed":{"type":"BigNumber","hex":"0x79a1"},"logsBloom":"0x00000000000000000000000000000000000000000000000000000008000000000000000000100000020000004000000000008000000000000000000000000008000000000000000000000000000000800000000000000000000100000000000000000000000000000000000000000000000000000000000080000000000000000000000000000000000000000000000000000000000000000000000000000000200000000000000000000000000000000000000000000000000000200000004000000000000000000001000000000000000000000000000000100000000000000000000000000000000000000000000000000000000000000000000000100000","blockHash":"0x9d729c5e70d42c9a3042ab51a9db7691aa1357b2bda07fa8a5dce998388fadc4","transactionHash":"0xc492b59499354cbec4a00c8dee9330b15f9959dae458803d0aa6ca46bdb59b38","logs":[{"transactionIndex":1,"blockNumber":25371305,"transactionHash":"0xc492b59499354cbec4a00c8dee9330b15f9959dae458803d0aa6ca46bdb59b38","address":"0x0000000000000000000000000000000000001010","topics":["0x4dfe1bbbcf077ddc3e01291eea2d5c70c2b422b415d95645b9adcfd678cb1d63","0x0000000000000000000000000000000000000000000000000000000000001010","0x0000000000000000000000000e7ea3211d40fb05358775a4fa3faa53cd6dc254","0x00000000000000000000000002f615e95563ef16f10354dba9e584e58d2d4314"],"data":"0x000000000000000000000000000000000000000000000000000351916ebb2c0000000000000000000000000000000000000000000000000007e4405a6493c5c10000000000000000000000000000000000000000000001bed9af3f53ebb763ea00000000000000000000000000000000000000000000000007e0eec8f5d899c10000000000000000000000000000000000000000000001bed9b290e55a728fea","logIndex":3,"blockHash":"0x9d729c5e70d42c9a3042ab51a9db7691aa1357b2bda07fa8a5dce998388fadc4"}],"blockNumber":25371305,"confirmations":2,"cumulativeGasUsed":{"type":"BigNumber","hex":"0x032228"},"effectiveGasPrice":{"type":"BigNumber","hex":"0x06fc23ac3f"},"status":0,"type":2,"byzantium":true}, code=CALL_EXCEPTION, version=providers/5.8.0) 
Error: transaction failed [ See: https://links.ethers.org/v5-errors-CALL_EXCEPTION ] (transactionHash="0xc492b59499354cbec4a00c8dee9330b15f9959dae458803d0aa6ca46bdb59b38", transaction={"type":2,"chainId":80002,"nonce":9,"maxPriorityFeePerGas":{"type":"BigNumber","hex":"0x06fc23ac00"},"maxFeePerGas":{"type":"BigNumber","hex":"0x0df8475800"},"gasPrice":null,"gasLimit":{"type":"BigNumber","hex":"0x0493e0"},"to":"0x12f4d09be9712C98Fb720dfa001BFb2a793C4DEF","value":{"type":"BigNumber","hex":"0x00"},"data":"0xba1feb8a00000000000000000000000000000000000000000000000000000000000000400000000000000000000000000000000000000000000000000000000000000080000000000000000000000000000000000000000000000000000000000000001873656c6c65725f72756e3135406578616d706c652e636f6d00000000000000000000000000000000000000000000000000000000000000000000000000000035697066733a2f2f516d57577659544a3933575a627661724d4236485845573158534a7132566d783942314e6a7971457036353451700000000000000000000000","accessList":[],"hash":"0xc492b59499354cbec4a00c8dee9330b15f9959dae458803d0aa6ca46bdb59b38","v":1,"r":"0xe47ced4e2cc222d079c06c2631e7016fa800ff3b05e9d747db0b4a987da8743f","s":"0x6d7969b48be86a1fa9b8725b274957036ba36ff074dcc661562d8809e90e9958","from":"0x0E7eA3211d40fb05358775a4FA3FAA53cD6Dc254","confirmations":0}, receipt={"to":"0x12f4d09be9712C98Fb720dfa001BFb2a793C4DEF","from":"0x0E7eA3211d40fb05358775a4FA3FAA53cD6Dc254","contractAddress":null,"transactionIndex":1,"gasUsed":{"type":"BigNumber","hex":"0x79a1"},"logsBloom":"0x00000000000000000000000000000000000000000000000000000008000000000000000000100000020000004000000000008000000000000000000000000008000000000000000000000000000000800000000000000000000100000000000000000000000000000000000000000000000000000000000080000000000000000000000000000000000000000000000000000000000000000000000000000000200000000000000000000000000000000000000000000000000000200000004000000000000000000001000000000000000000000000000000100000000000000000000000000000000000000000000000000000000000000000000000100000","blockHash":"0x9d729c5e70d42c9a3042ab51a9db7691aa1357b2bda07fa8a5dce998388fadc4","transactionHash":"0xc492b59499354cbec4a00c8dee9330b15f9959dae458803d0aa6ca46bdb59b38","logs":[{"transactionIndex":1,"blockNumber":25371305,"transactionHash":"0xc492b59499354cbec4a00c8dee9330b15f9959dae458803d0aa6ca46bdb59b38","address":"0x0000000000000000000000000000000000001010","topics":["0x4dfe1bbbcf077ddc3e01291eea2d5c70c2b422b415d95645b9adcfd678cb1d63","0x0000000000000000000000000000000000000000000000000000000000001010","0x0000000000000000000000000e7ea3211d40fb05358775a4fa3faa53cd6dc254","0x00000000000000000000000002f615e95563ef16f10354dba9e584e58d2d4314"],"data":"0x000000000000000000000000000000000000000000000000000351916ebb2c0000000000000000000000000000000000000000000000000007e4405a6493c5c10000000000000000000000000000000000000000000001bed9af3f53ebb763ea00000000000000000000000000000000000000000000000007e0eec8f5d899c10000000000000000000000000000000000000000000001bed9b290e55a728fea","logIndex":3,"blockHash":"0x9d729c5e70d42c9a3042ab51a9db7691aa1357b2bda07fa8a5dce998388fadc4"}],"blockNumber":25371305,"confirmations":2,"cumulativeGasUsed":{"type":"BigNumber","hex":"0x032228"},"effectiveGasPrice":{"type":"BigNumber","hex":"0x06fc23ac3f"},"status":0,"type":2,"byzantium":true}, code=CALL_EXCEPTION, version=providers/5.8.0)
    at Logger.makeError (M:\Desktop\CamAppServer\node_modules\@ethersproject\logger\lib\index.js:238:21)
    at Logger.throwError (M:\Desktop\CamAppServer\node_modules\@ethersproject\logger\lib\index.js:247:20)
    at JsonRpcProvider.<anonymous> (M:\Desktop\CamAppServer\node_modules\@ethersproject\providers\lib\base-provider.js:1693:36)
    at step (M:\Desktop\CamAppServer\node_modules\@ethersproject\providers\lib\base-provider.js:48:23)
    at Object.next (M:\Desktop\CamAppServer\node_modules\@ethersproject\providers\lib\base-provider.js:29:53)
    at fulfilled (M:\Desktop\CamAppServer\node_modules\@ethersproject\providers\lib\base-provider.js:20:58)
2025-08-19 22:19:43 error: Error in /create-profile endpoint: transaction failed [ See: https://links.ethers.org/v5-errors-CALL_EXCEPTION ] (transactionHash="0xc492b59499354cbec4a00c8dee9330b15f9959dae458803d0aa6ca46bdb59b38", transaction={"type":2,"chainId":80002,"nonce":9,"maxPriorityFeePerGas":{"type":"BigNumber","hex":"0x06fc23ac00"},"maxFeePerGas":{"type":"BigNumber","hex":"0x0df8475800"},"gasPrice":null,"gasLimit":{"type":"BigNumber","hex":"0x0493e0"},"to":"0x12f4d09be9712C98Fb720dfa001BFb2a793C4DEF","value":{"type":"BigNumber","hex":"0x00"},"data":"0xba1feb8a00000000000000000000000000000000000000000000000000000000000000400000000000000000000000000000000000000000000000000000000000000080000000000000000000000000000000000000000000000000000000000000001873656c6c65725f72756e3135406578616d706c652e636f6d00000000000000000000000000000000000000000000000000000000000000000000000000000035697066733a2f2f516d57577659544a3933575a627661724d4236485845573158534a7132566d783942314e6a7971457036353451700000000000000000000000","accessList":[],"hash":"0xc492b59499354cbec4a00c8dee9330b15f9959dae458803d0aa6ca46bdb59b38","v":1,"r":"0xe47ced4e2cc222d079c06c2631e7016fa800ff3b05e9d747db0b4a987da8743f","s":"0x6d7969b48be86a1fa9b8725b274957036ba36ff074dcc661562d8809e90e9958","from":"0x0E7eA3211d40fb05358775a4FA3FAA53cD6Dc254","confirmations":0}, receipt={"to":"0x12f4d09be9712C98Fb720dfa001BFb2a793C4DEF","from":"0x0E7eA3211d40fb05358775a4FA3FAA53cD6Dc254","contractAddress":null,"transactionIndex":1,"gasUsed":{"type":"BigNumber","hex":"0x79a1"},"logsBloom":"0x00000000000000000000000000000000000000000000000000000008000000000000000000100000020000004000000000008000000000000000000000000008000000000000000000000000000000800000000000000000000100000000000000000000000000000000000000000000000000000000000080000000000000000000000000000000000000000000000000000000000000000000000000000000200000000000000000000000000000000000000000000000000000200000004000000000000000000001000000000000000000000000000000100000000000000000000000000000000000000000000000000000000000000000000000100000","blockHash":"0x9d729c5e70d42c9a3042ab51a9db7691aa1357b2bda07fa8a5dce998388fadc4","transactionHash":"0xc492b59499354cbec4a00c8dee9330b15f9959dae458803d0aa6ca46bdb59b38","logs":[{"transactionIndex":1,"blockNumber":25371305,"transactionHash":"0xc492b59499354cbec4a00c8dee9330b15f9959dae458803d0aa6ca46bdb59b38","address":"0x0000000000000000000000000000000000001010","topics":["0x4dfe1bbbcf077ddc3e01291eea2d5c70c2b422b415d95645b9adcfd678cb1d63","0x0000000000000000000000000000000000000000000000000000000000001010","0x0000000000000000000000000e7ea3211d40fb05358775a4fa3faa53cd6dc254","0x00000000000000000000000002f615e95563ef16f10354dba9e584e58d2d4314"],"data":"0x000000000000000000000000000000000000000000000000000351916ebb2c0000000000000000000000000000000000000000000000000007e4405a6493c5c10000000000000000000000000000000000000000000001bed9af3f53ebb763ea00000000000000000000000000000000000000000000000007e0eec8f5d899c10000000000000000000000000000000000000000000001bed9b290e55a728fea","logIndex":3,"blockHash":"0x9d729c5e70d42c9a3042ab51a9db7691aa1357b2bda07fa8a5dce998388fadc4"}],"blockNumber":25371305,"confirmations":2,"cumulativeGasUsed":{"type":"BigNumber","hex":"0x032228"},"effectiveGasPrice":{"type":"BigNumber","hex":"0x06fc23ac3f"},"status":0,"type":2,"byzantium":true}, code=CALL_EXCEPTION, version=providers/5.8.0) 
Error: transaction failed [ See: https://links.ethers.org/v5-errors-CALL_EXCEPTION ] (transactionHash="0xc492b59499354cbec4a00c8dee9330b15f9959dae458803d0aa6ca46bdb59b38", transaction={"type":2,"chainId":80002,"nonce":9,"maxPriorityFeePerGas":{"type":"BigNumber","hex":"0x06fc23ac00"},"maxFeePerGas":{"type":"BigNumber","hex":"0x0df8475800"},"gasPrice":null,"gasLimit":{"type":"BigNumber","hex":"0x0493e0"},"to":"0x12f4d09be9712C98Fb720dfa001BFb2a793C4DEF","value":{"type":"BigNumber","hex":"0x00"},"data":"0xba1feb8a00000000000000000000000000000000000000000000000000000000000000400000000000000000000000000000000000000000000000000000000000000080000000000000000000000000000000000000000000000000000000000000001873656c6c65725f72756e3135406578616d706c652e636f6d00000000000000000000000000000000000000000000000000000000000000000000000000000035697066733a2f2f516d57577659544a3933575a627661724d4236485845573158534a7132566d783942314e6a7971457036353451700000000000000000000000","accessList":[],"hash":"0xc492b59499354cbec4a00c8dee9330b15f9959dae458803d0aa6ca46bdb59b38","v":1,"r":"0xe47ced4e2cc222d079c06c2631e7016fa800ff3b05e9d747db0b4a987da8743f","s":"0x6d7969b48be86a1fa9b8725b274957036ba36ff074dcc661562d8809e90e9958","from":"0x0E7eA3211d40fb05358775a4FA3FAA53cD6Dc254","confirmations":0}, receipt={"to":"0x12f4d09be9712C98Fb720dfa001BFb2a793C4DEF","from":"0x0E7eA3211d40fb05358775a4FA3FAA53cD6Dc254","contractAddress":null,"transactionIndex":1,"gasUsed":{"type":"BigNumber","hex":"0x79a1"},"logsBloom":"0x00000000000000000000000000000000000000000000000000000008000000000000000000100000020000004000000000008000000000000000000000000008000000000000000000000000000000800000000000000000000100000000000000000000000000000000000000000000000000000000000080000000000000000000000000000000000000000000000000000000000000000000000000000000200000000000000000000000000000000000000000000000000000200000004000000000000000000001000000000000000000000000000000100000000000000000000000000000000000000000000000000000000000000000000000100000","blockHash":"0x9d729c5e70d42c9a3042ab51a9db7691aa1357b2bda07fa8a5dce998388fadc4","transactionHash":"0xc492b59499354cbec4a00c8dee9330b15f9959dae458803d0aa6ca46bdb59b38","logs":[{"transactionIndex":1,"blockNumber":25371305,"transactionHash":"0xc492b59499354cbec4a00c8dee9330b15f9959dae458803d0aa6ca46bdb59b38","address":"0x0000000000000000000000000000000000001010","topics":["0x4dfe1bbbcf077ddc3e01291eea2d5c70c2b422b415d95645b9adcfd678cb1d63","0x0000000000000000000000000000000000000000000000000000000000001010","0x0000000000000000000000000e7ea3211d40fb05358775a4fa3faa53cd6dc254","0x00000000000000000000000002f615e95563ef16f10354dba9e584e58d2d4314"],"data":"0x000000000000000000000000000000000000000000000000000351916ebb2c0000000000000000000000000000000000000000000000000007e4405a6493c5c10000000000000000000000000000000000000000000001bed9af3f53ebb763ea00000000000000000000000000000000000000000000000007e0eec8f5d899c10000000000000000000000000000000000000000000001bed9b290e55a728fea","logIndex":3,"blockHash":"0x9d729c5e70d42c9a3042ab51a9db7691aa1357b2bda07fa8a5dce998388fadc4"}],"blockNumber":25371305,"confirmations":2,"cumulativeGasUsed":{"type":"BigNumber","hex":"0x032228"},"effectiveGasPrice":{"type":"BigNumber","hex":"0x06fc23ac3f"},"status":0,"type":2,"byzantium":true}, code=CALL_EXCEPTION, version=providers/5.8.0)
    at Logger.makeError (M:\Desktop\CamAppServer\node_modules\@ethersproject\logger\lib\index.js:238:21)
    at Logger.throwError (M:\Desktop\CamAppServer\node_modules\@ethersproject\logger\lib\index.js:247:20)
    at JsonRpcProvider.<anonymous> (M:\Desktop\CamAppServer\node_modules\@ethersproject\providers\lib\base-provider.js:1693:36)
    at step (M:\Desktop\CamAppServer\node_modules\@ethersproject\providers\lib\base-provider.js:48:23)
    at Object.next (M:\Desktop\CamAppServer\node_modules\@ethersproject\providers\lib\base-provider.js:29:53)
    at fulfilled (M:\Desktop\CamAppServer\node_modules\@ethersproject\providers\lib\base-provider.js:20:58)
2025-08-19 22:30:11 info: Pool Event: A client connected successfully! 
2025-08-19 22:30:11 info: User logged in: seller_run15@example.com 
2025-08-19 22:31:02 info: Pool Event: A client connected successfully! 
2025-08-19 22:31:09 error: Error in /approve-listing endpoint: transaction failed [ See: https://links.ethers.org/v5-errors-CALL_EXCEPTION ] (transactionHash="0xba770e130f91f1c3c3f4c95daed80e13eaa8d348450cbce977971ff288ffd5e6", transaction={"type":2,"chainId":80002,"nonce":10,"maxPriorityFeePerGas":{"type":"BigNumber","hex":"0x06fc23ac00"},"maxFeePerGas":{"type":"BigNumber","hex":"0x0ba43b7400"},"gasPrice":null,"gasLimit":{"type":"BigNumber","hex":"0x0249f0"},"to":"0x12f4d09be9712C98Fb720dfa001BFb2a793C4DEF","value":{"type":"BigNumber","hex":"0x00"},"data":"0x095ea7b3000000000000000000000000f471af2aff654a07cd9f55b6cfa22dd019fbafef000000000000000000000000000000000000000000000000000000000000001d","accessList":[],"hash":"0xba770e130f91f1c3c3f4c95daed80e13eaa8d348450cbce977971ff288ffd5e6","v":0,"r":"0x3587b02e9d6cc841400e83d2e3db3825983a4a055971363bed32fa6e28cb0438","s":"0x6ddb8b29016330f3c6e203491f1fc212bef10884d1ac06e8bd29abd519a6bb2b","from":"0x0E7eA3211d40fb05358775a4FA3FAA53cD6Dc254","confirmations":0}, receipt={"to":"0x12f4d09be9712C98Fb720dfa001BFb2a793C4DEF","from":"0x0E7eA3211d40fb05358775a4FA3FAA53cD6Dc254","contractAddress":null,"transactionIndex":2,"gasUsed":{"type":"BigNumber","hex":"0x7af3"},"logsBloom":"0x00000000000000000000000000000000000000000000000000000000000000000000000000100000000000000000000000008000000000000000010000000008000000000000000000000000000000800000000000000000000100000000000000000000000000000000000000000000000000000000000080000000000000000000000000000000000000000000000000004000000000000000000000000000200000000000000000000000000000000000000000000000000000200000004000000000000000000001000000000000000000000000000000100000000000000000000000000000000000010000000000000000000000000000000000100000","blockHash":"0xedc0f7651a32162702a93a3e6d808a0b2ce16f2ed82241d2fda1e2acbe04f567","transactionHash":"0xba770e130f91f1c3c3f4c95daed80e13eaa8d348450cbce977971ff288ffd5e6","logs":[{"transactionIndex":2,"blockNumber":25371628,"transactionHash":"0xba770e130f91f1c3c3f4c95daed80e13eaa8d348450cbce977971ff288ffd5e6","address":"0x0000000000000000000000000000000000001010","topics":["0x4dfe1bbbcf077ddc3e01291eea2d5c70c2b422b415d95645b9adcfd678cb1d63","0x0000000000000000000000000000000000000000000000000000000000001010","0x0000000000000000000000000e7ea3211d40fb05358775a4fa3faa53cd6dc254","0x00000000000000000000000009207a6efee346cb3e4a54ac18523e3715d38b3f"],"data":"0x00000000000000000000000000000000000000000000000000035aca55d4440000000000000000000000000000000000000000000000000007e0eec8f5baab22000000000000000000000000000000000000000000000998e73a095ad797614f00000000000000000000000000000000000000000000000007dd93fe9fe66722000000000000000000000000000000000000000000000998e73d64252d6ba54f","logIndex":8,"blockHash":"0xedc0f7651a32162702a93a3e6d808a0b2ce16f2ed82241d2fda1e2acbe04f567"}],"blockNumber":25371628,"confirmations":2,"cumulativeGasUsed":{"type":"BigNumber","hex":"0x058852"},"effectiveGasPrice":{"type":"BigNumber","hex":"0x06fc23ac3f"},"status":0,"type":2,"byzantium":true}, code=CALL_EXCEPTION, version=providers/5.8.0) 
Error: transaction failed [ See: https://links.ethers.org/v5-errors-CALL_EXCEPTION ] (transactionHash="0xba770e130f91f1c3c3f4c95daed80e13eaa8d348450cbce977971ff288ffd5e6", transaction={"type":2,"chainId":80002,"nonce":10,"maxPriorityFeePerGas":{"type":"BigNumber","hex":"0x06fc23ac00"},"maxFeePerGas":{"type":"BigNumber","hex":"0x0ba43b7400"},"gasPrice":null,"gasLimit":{"type":"BigNumber","hex":"0x0249f0"},"to":"0x12f4d09be9712C98Fb720dfa001BFb2a793C4DEF","value":{"type":"BigNumber","hex":"0x00"},"data":"0x095ea7b3000000000000000000000000f471af2aff654a07cd9f55b6cfa22dd019fbafef000000000000000000000000000000000000000000000000000000000000001d","accessList":[],"hash":"0xba770e130f91f1c3c3f4c95daed80e13eaa8d348450cbce977971ff288ffd5e6","v":0,"r":"0x3587b02e9d6cc841400e83d2e3db3825983a4a055971363bed32fa6e28cb0438","s":"0x6ddb8b29016330f3c6e203491f1fc212bef10884d1ac06e8bd29abd519a6bb2b","from":"0x0E7eA3211d40fb05358775a4FA3FAA53cD6Dc254","confirmations":0}, receipt={"to":"0x12f4d09be9712C98Fb720dfa001BFb2a793C4DEF","from":"0x0E7eA3211d40fb05358775a4FA3FAA53cD6Dc254","contractAddress":null,"transactionIndex":2,"gasUsed":{"type":"BigNumber","hex":"0x7af3"},"logsBloom":"0x00000000000000000000000000000000000000000000000000000000000000000000000000100000000000000000000000008000000000000000010000000008000000000000000000000000000000800000000000000000000100000000000000000000000000000000000000000000000000000000000080000000000000000000000000000000000000000000000000004000000000000000000000000000200000000000000000000000000000000000000000000000000000200000004000000000000000000001000000000000000000000000000000100000000000000000000000000000000000010000000000000000000000000000000000100000","blockHash":"0xedc0f7651a32162702a93a3e6d808a0b2ce16f2ed82241d2fda1e2acbe04f567","transactionHash":"0xba770e130f91f1c3c3f4c95daed80e13eaa8d348450cbce977971ff288ffd5e6","logs":[{"transactionIndex":2,"blockNumber":25371628,"transactionHash":"0xba770e130f91f1c3c3f4c95daed80e13eaa8d348450cbce977971ff288ffd5e6","address":"0x0000000000000000000000000000000000001010","topics":["0x4dfe1bbbcf077ddc3e01291eea2d5c70c2b422b415d95645b9adcfd678cb1d63","0x0000000000000000000000000000000000000000000000000000000000001010","0x0000000000000000000000000e7ea3211d40fb05358775a4fa3faa53cd6dc254","0x00000000000000000000000009207a6efee346cb3e4a54ac18523e3715d38b3f"],"data":"0x00000000000000000000000000000000000000000000000000035aca55d4440000000000000000000000000000000000000000000000000007e0eec8f5baab22000000000000000000000000000000000000000000000998e73a095ad797614f00000000000000000000000000000000000000000000000007dd93fe9fe66722000000000000000000000000000000000000000000000998e73d64252d6ba54f","logIndex":8,"blockHash":"0xedc0f7651a32162702a93a3e6d808a0b2ce16f2ed82241d2fda1e2acbe04f567"}],"blockNumber":25371628,"confirmations":2,"cumulativeGasUsed":{"type":"BigNumber","hex":"0x058852"},"effectiveGasPrice":{"type":"BigNumber","hex":"0x06fc23ac3f"},"status":0,"type":2,"byzantium":true}, code=CALL_EXCEPTION, version=providers/5.8.0)
    at Logger.makeError (M:\Desktop\CamAppServer\node_modules\@ethersproject\logger\lib\index.js:238:21)
    at Logger.throwError (M:\Desktop\CamAppServer\node_modules\@ethersproject\logger\lib\index.js:247:20)
    at JsonRpcProvider.<anonymous> (M:\Desktop\CamAppServer\node_modules\@ethersproject\providers\lib\base-provider.js:1693:36)
    at step (M:\Desktop\CamAppServer\node_modules\@ethersproject\providers\lib\base-provider.js:48:23)
    at Object.next (M:\Desktop\CamAppServer\node_modules\@ethersproject\providers\lib\base-provider.js:29:53)
    at fulfilled (M:\Desktop\CamAppServer\node_modules\@ethersproject\providers\lib\base-provider.js:20:58)
2025-08-19 23:44:06 info: blockchain.js: Successfully loaded contract addresses from: M:\Desktop\CamAppServer\config\contractAddresses.json 
2025-08-19 23:44:06 info: Contracts (from blockchain.js): 
2025-08-19 23:44:06 info: NOVA   : 0x49fc118e0c9931f8b287292b2e61b571651f01ec 
2025-08-19 23:44:06 info: Profiles: 0x12f4d09be9712C98Fb720dfa001BFb2a793C4DEF 
2025-08-19 23:44:06 info: Auction : 0xf471af2aFF654A07CD9f55B6cfa22dD019FbaFEf 
2025-08-19 23:44:06 info: OfferBk : 0x21C5AA053529A8bB2CF78D8aBcaE2b29e6b43fa7 
2025-08-19 23:44:06 info: Pool Event: A client connected successfully! 
2025-08-19 23:44:06 info: Successfully connected to the PostgreSQL database! 
2025-08-19 23:44:06 info: Dummy query result (current DB time): 
2025-08-19 23:45:13 info: Pool Event: A client connected successfully! 
2025-08-19 23:45:13 info: User logged in: seller_run15@example.com 
2025-08-19 23:46:32 info: Pool Event: A client connected successfully! 
2025-08-19 23:46:33 info: Minting profile NFT for seller_run15@example.com with CID QmWWvYTJ93WZbvarMB6HXEW1XSJq2Vmx9B1NjyqEp654Qp... 
2025-08-19 23:46:34 info: Transaction sent with hash: 0x8983246f8bbb11b0d95415660af56b74c3108560b42cbe13e3913ee6012beb72. Waiting for receipt... 
2025-08-19 23:46:39 error: Error in createBlockchainProfile for user seller_run15@example.com: transaction failed [ See: https://links.ethers.org/v5-errors-CALL_EXCEPTION ] (transactionHash="0x8983246f8bbb11b0d95415660af56b74c3108560b42cbe13e3913ee6012beb72", transaction={"type":2,"chainId":80002,"nonce":11,"maxPriorityFeePerGas":{"type":"BigNumber","hex":"0x06fc23ac00"},"maxFeePerGas":{"type":"BigNumber","hex":"0x0df8475800"},"gasPrice":null,"gasLimit":{"type":"BigNumber","hex":"0x0493e0"},"to":"0x12f4d09be9712C98Fb720dfa001BFb2a793C4DEF","value":{"type":"BigNumber","hex":"0x00"},"data":"0xba1feb8a00000000000000000000000000000000000000000000000000000000000000400000000000000000000000000000000000000000000000000000000000000080000000000000000000000000000000000000000000000000000000000000001873656c6c65725f72756e3135406578616d706c652e636f6d00000000000000000000000000000000000000000000000000000000000000000000000000000035697066733a2f2f516d57577659544a3933575a627661724d4236485845573158534a7132566d783942314e6a7971457036353451700000000000000000000000","accessList":[],"hash":"0x8983246f8bbb11b0d95415660af56b74c3108560b42cbe13e3913ee6012beb72","v":1,"r":"0xea4634ca11444f8076cfefaa95301ec6e8f7b2091766d0b2d5bdf2f87188e728","s":"0x338ae15fa9f246f96d260ce4431045a87b2bf74fc5ea03dbe4ec9ea67298c645","from":"0x0E7eA3211d40fb05358775a4FA3FAA53cD6Dc254","confirmations":0}, receipt={"to":"0x12f4d09be9712C98Fb720dfa001BFb2a793C4DEF","from":"0x0E7eA3211d40fb05358775a4FA3FAA53cD6Dc254","contractAddress":null,"transactionIndex":2,"gasUsed":{"type":"BigNumber","hex":"0x79a1"},"logsBloom":"0x00000000000000000000000000000000000000000000000000000008000000000000000000100000020000004000000000008000000000000000000000000008000000000000000000000000000000800000000000000000000100000000000000000000000000000000000000000000000000000000000080000000000000000000000000000000000000000000000000000000000000000000000000000000200000000000000000000000000000000000000000000000000000200000004000000000000000000001000000000000000000000000000000100000000000000000000000000000000000000000000000000000000000000000000000100000","blockHash":"0xf8abc08ddcae9c347ac2ad99e5b3970058bab79d524300cf54b36a80b3809a9d","transactionHash":"0x8983246f8bbb11b0d95415660af56b74c3108560b42cbe13e3913ee6012beb72","logs":[{"transactionIndex":2,"blockNumber":25373760,"transactionHash":"0x8983246f8bbb11b0d95415660af56b74c3108560b42cbe13e3913ee6012beb72","address":"0x0000000000000000000000000000000000001010","topics":["0x4dfe1bbbcf077ddc3e01291eea2d5c70c2b422b415d95645b9adcfd678cb1d63","0x0000000000000000000000000000000000000000000000000000000000001010","0x0000000000000000000000000e7ea3211d40fb05358775a4fa3faa53cd6dc254","0x00000000000000000000000002f615e95563ef16f10354dba9e584e58d2d4314"],"data":"0x000000000000000000000000000000000000000000000000000351916ebb2c0000000000000000000000000000000000000000000000000007dd93fe9fc825550000000000000000000000000000000000000000000001bf0cea804dc3a9541900000000000000000000000000000000000000000000000007da426d310cf9550000000000000000000000000000000000000000000001bf0cedd1df32648019","logIndex":6,"blockHash":"0xf8abc08ddcae9c347ac2ad99e5b3970058bab79d524300cf54b36a80b3809a9d"}],"blockNumber":25373760,"confirmations":1,"cumulativeGasUsed":{"type":"BigNumber","hex":"0x0590e3"},"effectiveGasPrice":{"type":"BigNumber","hex":"0x06fc23ac3f"},"status":0,"type":2,"byzantium":true}, code=CALL_EXCEPTION, version=providers/5.8.0) 
Error: transaction failed [ See: https://links.ethers.org/v5-errors-CALL_EXCEPTION ] (transactionHash="0x8983246f8bbb11b0d95415660af56b74c3108560b42cbe13e3913ee6012beb72", transaction={"type":2,"chainId":80002,"nonce":11,"maxPriorityFeePerGas":{"type":"BigNumber","hex":"0x06fc23ac00"},"maxFeePerGas":{"type":"BigNumber","hex":"0x0df8475800"},"gasPrice":null,"gasLimit":{"type":"BigNumber","hex":"0x0493e0"},"to":"0x12f4d09be9712C98Fb720dfa001BFb2a793C4DEF","value":{"type":"BigNumber","hex":"0x00"},"data":"0xba1feb8a00000000000000000000000000000000000000000000000000000000000000400000000000000000000000000000000000000000000000000000000000000080000000000000000000000000000000000000000000000000000000000000001873656c6c65725f72756e3135406578616d706c652e636f6d00000000000000000000000000000000000000000000000000000000000000000000000000000035697066733a2f2f516d57577659544a3933575a627661724d4236485845573158534a7132566d783942314e6a7971457036353451700000000000000000000000","accessList":[],"hash":"0x8983246f8bbb11b0d95415660af56b74c3108560b42cbe13e3913ee6012beb72","v":1,"r":"0xea4634ca11444f8076cfefaa95301ec6e8f7b2091766d0b2d5bdf2f87188e728","s":"0x338ae15fa9f246f96d260ce4431045a87b2bf74fc5ea03dbe4ec9ea67298c645","from":"0x0E7eA3211d40fb05358775a4FA3FAA53cD6Dc254","confirmations":0}, receipt={"to":"0x12f4d09be9712C98Fb720dfa001BFb2a793C4DEF","from":"0x0E7eA3211d40fb05358775a4FA3FAA53cD6Dc254","contractAddress":null,"transactionIndex":2,"gasUsed":{"type":"BigNumber","hex":"0x79a1"},"logsBloom":"0x00000000000000000000000000000000000000000000000000000008000000000000000000100000020000004000000000008000000000000000000000000008000000000000000000000000000000800000000000000000000100000000000000000000000000000000000000000000000000000000000080000000000000000000000000000000000000000000000000000000000000000000000000000000200000000000000000000000000000000000000000000000000000200000004000000000000000000001000000000000000000000000000000100000000000000000000000000000000000000000000000000000000000000000000000100000","blockHash":"0xf8abc08ddcae9c347ac2ad99e5b3970058bab79d524300cf54b36a80b3809a9d","transactionHash":"0x8983246f8bbb11b0d95415660af56b74c3108560b42cbe13e3913ee6012beb72","logs":[{"transactionIndex":2,"blockNumber":25373760,"transactionHash":"0x8983246f8bbb11b0d95415660af56b74c3108560b42cbe13e3913ee6012beb72","address":"0x0000000000000000000000000000000000001010","topics":["0x4dfe1bbbcf077ddc3e01291eea2d5c70c2b422b415d95645b9adcfd678cb1d63","0x0000000000000000000000000000000000000000000000000000000000001010","0x0000000000000000000000000e7ea3211d40fb05358775a4fa3faa53cd6dc254","0x00000000000000000000000002f615e95563ef16f10354dba9e584e58d2d4314"],"data":"0x000000000000000000000000000000000000000000000000000351916ebb2c0000000000000000000000000000000000000000000000000007dd93fe9fc825550000000000000000000000000000000000000000000001bf0cea804dc3a9541900000000000000000000000000000000000000000000000007da426d310cf9550000000000000000000000000000000000000000000001bf0cedd1df32648019","logIndex":6,"blockHash":"0xf8abc08ddcae9c347ac2ad99e5b3970058bab79d524300cf54b36a80b3809a9d"}],"blockNumber":25373760,"confirmations":1,"cumulativeGasUsed":{"type":"BigNumber","hex":"0x0590e3"},"effectiveGasPrice":{"type":"BigNumber","hex":"0x06fc23ac3f"},"status":0,"type":2,"byzantium":true}, code=CALL_EXCEPTION, version=providers/5.8.0)
    at Logger.makeError (M:\Desktop\CamAppServer\node_modules\@ethersproject\logger\lib\index.js:238:21)
    at Logger.throwError (M:\Desktop\CamAppServer\node_modules\@ethersproject\logger\lib\index.js:247:20)
    at JsonRpcProvider.<anonymous> (M:\Desktop\CamAppServer\node_modules\@ethersproject\providers\lib\base-provider.js:1693:36)
    at step (M:\Desktop\CamAppServer\node_modules\@ethersproject\providers\lib\base-provider.js:48:23)
    at Object.next (M:\Desktop\CamAppServer\node_modules\@ethersproject\providers\lib\base-provider.js:29:53)
    at fulfilled (M:\Desktop\CamAppServer\node_modules\@ethersproject\providers\lib\base-provider.js:20:58)
2025-08-19 23:46:39 error: Error in /create-profile endpoint: transaction failed [ See: https://links.ethers.org/v5-errors-CALL_EXCEPTION ] (transactionHash="0x8983246f8bbb11b0d95415660af56b74c3108560b42cbe13e3913ee6012beb72", transaction={"type":2,"chainId":80002,"nonce":11,"maxPriorityFeePerGas":{"type":"BigNumber","hex":"0x06fc23ac00"},"maxFeePerGas":{"type":"BigNumber","hex":"0x0df8475800"},"gasPrice":null,"gasLimit":{"type":"BigNumber","hex":"0x0493e0"},"to":"0x12f4d09be9712C98Fb720dfa001BFb2a793C4DEF","value":{"type":"BigNumber","hex":"0x00"},"data":"0xba1feb8a00000000000000000000000000000000000000000000000000000000000000400000000000000000000000000000000000000000000000000000000000000080000000000000000000000000000000000000000000000000000000000000001873656c6c65725f72756e3135406578616d706c652e636f6d00000000000000000000000000000000000000000000000000000000000000000000000000000035697066733a2f2f516d57577659544a3933575a627661724d4236485845573158534a7132566d783942314e6a7971457036353451700000000000000000000000","accessList":[],"hash":"0x8983246f8bbb11b0d95415660af56b74c3108560b42cbe13e3913ee6012beb72","v":1,"r":"0xea4634ca11444f8076cfefaa95301ec6e8f7b2091766d0b2d5bdf2f87188e728","s":"0x338ae15fa9f246f96d260ce4431045a87b2bf74fc5ea03dbe4ec9ea67298c645","from":"0x0E7eA3211d40fb05358775a4FA3FAA53cD6Dc254","confirmations":0}, receipt={"to":"0x12f4d09be9712C98Fb720dfa001BFb2a793C4DEF","from":"0x0E7eA3211d40fb05358775a4FA3FAA53cD6Dc254","contractAddress":null,"transactionIndex":2,"gasUsed":{"type":"BigNumber","hex":"0x79a1"},"logsBloom":"0x00000000000000000000000000000000000000000000000000000008000000000000000000100000020000004000000000008000000000000000000000000008000000000000000000000000000000800000000000000000000100000000000000000000000000000000000000000000000000000000000080000000000000000000000000000000000000000000000000000000000000000000000000000000200000000000000000000000000000000000000000000000000000200000004000000000000000000001000000000000000000000000000000100000000000000000000000000000000000000000000000000000000000000000000000100000","blockHash":"0xf8abc08ddcae9c347ac2ad99e5b3970058bab79d524300cf54b36a80b3809a9d","transactionHash":"0x8983246f8bbb11b0d95415660af56b74c3108560b42cbe13e3913ee6012beb72","logs":[{"transactionIndex":2,"blockNumber":25373760,"transactionHash":"0x8983246f8bbb11b0d95415660af56b74c3108560b42cbe13e3913ee6012beb72","address":"0x0000000000000000000000000000000000001010","topics":["0x4dfe1bbbcf077ddc3e01291eea2d5c70c2b422b415d95645b9adcfd678cb1d63","0x0000000000000000000000000000000000000000000000000000000000001010","0x0000000000000000000000000e7ea3211d40fb05358775a4fa3faa53cd6dc254","0x00000000000000000000000002f615e95563ef16f10354dba9e584e58d2d4314"],"data":"0x000000000000000000000000000000000000000000000000000351916ebb2c0000000000000000000000000000000000000000000000000007dd93fe9fc825550000000000000000000000000000000000000000000001bf0cea804dc3a9541900000000000000000000000000000000000000000000000007da426d310cf9550000000000000000000000000000000000000000000001bf0cedd1df32648019","logIndex":6,"blockHash":"0xf8abc08ddcae9c347ac2ad99e5b3970058bab79d524300cf54b36a80b3809a9d"}],"blockNumber":25373760,"confirmations":1,"cumulativeGasUsed":{"type":"BigNumber","hex":"0x0590e3"},"effectiveGasPrice":{"type":"BigNumber","hex":"0x06fc23ac3f"},"status":0,"type":2,"byzantium":true}, code=CALL_EXCEPTION, version=providers/5.8.0) 
Error: transaction failed [ See: https://links.ethers.org/v5-errors-CALL_EXCEPTION ] (transactionHash="0x8983246f8bbb11b0d95415660af56b74c3108560b42cbe13e3913ee6012beb72", transaction={"type":2,"chainId":80002,"nonce":11,"maxPriorityFeePerGas":{"type":"BigNumber","hex":"0x06fc23ac00"},"maxFeePerGas":{"type":"BigNumber","hex":"0x0df8475800"},"gasPrice":null,"gasLimit":{"type":"BigNumber","hex":"0x0493e0"},"to":"0x12f4d09be9712C98Fb720dfa001BFb2a793C4DEF","value":{"type":"BigNumber","hex":"0x00"},"data":"0xba1feb8a00000000000000000000000000000000000000000000000000000000000000400000000000000000000000000000000000000000000000000000000000000080000000000000000000000000000000000000000000000000000000000000001873656c6c65725f72756e3135406578616d706c652e636f6d00000000000000000000000000000000000000000000000000000000000000000000000000000035697066733a2f2f516d57577659544a3933575a627661724d4236485845573158534a7132566d783942314e6a7971457036353451700000000000000000000000","accessList":[],"hash":"0x8983246f8bbb11b0d95415660af56b74c3108560b42cbe13e3913ee6012beb72","v":1,"r":"0xea4634ca11444f8076cfefaa95301ec6e8f7b2091766d0b2d5bdf2f87188e728","s":"0x338ae15fa9f246f96d260ce4431045a87b2bf74fc5ea03dbe4ec9ea67298c645","from":"0x0E7eA3211d40fb05358775a4FA3FAA53cD6Dc254","confirmations":0}, receipt={"to":"0x12f4d09be9712C98Fb720dfa001BFb2a793C4DEF","from":"0x0E7eA3211d40fb05358775a4FA3FAA53cD6Dc254","contractAddress":null,"transactionIndex":2,"gasUsed":{"type":"BigNumber","hex":"0x79a1"},"logsBloom":"0x00000000000000000000000000000000000000000000000000000008000000000000000000100000020000004000000000008000000000000000000000000008000000000000000000000000000000800000000000000000000100000000000000000000000000000000000000000000000000000000000080000000000000000000000000000000000000000000000000000000000000000000000000000000200000000000000000000000000000000000000000000000000000200000004000000000000000000001000000000000000000000000000000100000000000000000000000000000000000000000000000000000000000000000000000100000","blockHash":"0xf8abc08ddcae9c347ac2ad99e5b3970058bab79d524300cf54b36a80b3809a9d","transactionHash":"0x8983246f8bbb11b0d95415660af56b74c3108560b42cbe13e3913ee6012beb72","logs":[{"transactionIndex":2,"blockNumber":25373760,"transactionHash":"0x8983246f8bbb11b0d95415660af56b74c3108560b42cbe13e3913ee6012beb72","address":"0x0000000000000000000000000000000000001010","topics":["0x4dfe1bbbcf077ddc3e01291eea2d5c70c2b422b415d95645b9adcfd678cb1d63","0x0000000000000000000000000000000000000000000000000000000000001010","0x0000000000000000000000000e7ea3211d40fb05358775a4fa3faa53cd6dc254","0x00000000000000000000000002f615e95563ef16f10354dba9e584e58d2d4314"],"data":"0x000000000000000000000000000000000000000000000000000351916ebb2c0000000000000000000000000000000000000000000000000007dd93fe9fc825550000000000000000000000000000000000000000000001bf0cea804dc3a9541900000000000000000000000000000000000000000000000007da426d310cf9550000000000000000000000000000000000000000000001bf0cedd1df32648019","logIndex":6,"blockHash":"0xf8abc08ddcae9c347ac2ad99e5b3970058bab79d524300cf54b36a80b3809a9d"}],"blockNumber":25373760,"confirmations":1,"cumulativeGasUsed":{"type":"BigNumber","hex":"0x0590e3"},"effectiveGasPrice":{"type":"BigNumber","hex":"0x06fc23ac3f"},"status":0,"type":2,"byzantium":true}, code=CALL_EXCEPTION, version=providers/5.8.0)
    at Logger.makeError (M:\Desktop\CamAppServer\node_modules\@ethersproject\logger\lib\index.js:238:21)
    at Logger.throwError (M:\Desktop\CamAppServer\node_modules\@ethersproject\logger\lib\index.js:247:20)
    at JsonRpcProvider.<anonymous> (M:\Desktop\CamAppServer\node_modules\@ethersproject\providers\lib\base-provider.js:1693:36)
    at step (M:\Desktop\CamAppServer\node_modules\@ethersproject\providers\lib\base-provider.js:48:23)
    at Object.next (M:\Desktop\CamAppServer\node_modules\@ethersproject\providers\lib\base-provider.js:29:53)
    at fulfilled (M:\Desktop\CamAppServer\node_modules\@ethersproject\providers\lib\base-provider.js:20:58)
