2025-08-22 05:11:22 info: blockchain.js: Successfully loaded contract addresses from: M:\Desktop\CamAppServer\config\contractAddresses.json 
2025-08-22 05:11:22 info: Contracts (from blockchain.js): 
2025-08-22 05:11:22 info: NOVA   : 0x49fc118e0c9931f8b287292b2e61b571651f01ec 
2025-08-22 05:11:22 info: Profiles: 0x12f4d09be9712C98Fb720dfa001BFb2a793C4DEF 
2025-08-22 05:11:22 info: Auction : 0xf471af2aFF654A07CD9f55B6cfa22dD019FbaFEf 
2025-08-22 05:11:22 info: OfferBk : 0x21C5AA053529A8bB2CF78D8aBcaE2b29e6b43fa7 
2025-08-22 05:11:22 info: Pool Event: A client connected successfully! 
2025-08-22 05:11:22 info: Successfully connected to the PostgreSQL database! 
2025-08-22 05:11:22 info: Dummy query result (current DB time): 
2025-08-22 14:29:02 info: blockchain.js: Successfully loaded contract addresses from: M:\Desktop\CamAppServer\config\contractAddresses.json 
2025-08-22 14:29:02 info: Contracts (from blockchain.js): 
2025-08-22 14:29:02 info: NOVA   : 0x49fc118e0c9931f8b287292b2e61b571651f01ec 
2025-08-22 14:29:02 info: Profiles: 0x12f4d09be9712C98Fb720dfa001BFb2a793C4DEF 
2025-08-22 14:29:02 info: Auction : 0xf471af2aFF654A07CD9f55B6cfa22dD019FbaFEf 
2025-08-22 14:29:02 info: OfferBk : 0x21C5AA053529A8bB2CF78D8aBcaE2b29e6b43fa7 
2025-08-22 14:29:02 info: Pool Event: A client connected successfully! 
2025-08-22 14:29:02 info: Successfully connected to the PostgreSQL database! 
2025-08-22 14:29:02 info: Dummy query result (current DB time): 
2025-08-22 14:29:58 info: Pool Event: A client connected successfully! 
2025-08-22 14:29:58 error: jwt expired 
TokenExpiredError: jwt expired
    at M:\Desktop\CamAppServer\node_modules\jsonwebtoken\verify.js:190:21
    at getSecret (M:\Desktop\CamAppServer\node_modules\jsonwebtoken\verify.js:97:14)
    at module.exports [as verify] (M:\Desktop\CamAppServer\node_modules\jsonwebtoken\verify.js:101:10)
    at authenticateToken (M:\Desktop\CamAppServer\src\middleware\authenticateToken.js:16:9)
    at Layer.handle [as handle_request] (M:\Desktop\CamAppServer\node_modules\express\lib\router\layer.js:95:5)
    at next (M:\Desktop\CamAppServer\node_modules\express\lib\router\route.js:149:13)
    at Route.dispatch (M:\Desktop\CamAppServer\node_modules\express\lib\router\route.js:119:3)
    at Layer.handle [as handle_request] (M:\Desktop\CamAppServer\node_modules\express\lib\router\layer.js:95:5)
    at M:\Desktop\CamAppServer\node_modules\express\lib\router\index.js:284:15
    at Function.process_params (M:\Desktop\CamAppServer\node_modules\express\lib\router\index.js:346:12)
2025-08-22 15:59:33 info: blockchain.js: Successfully loaded contract addresses from: M:\Desktop\CamAppServer\config\contractAddresses.json 
2025-08-22 15:59:33 info: Contracts (from blockchain.js): 
2025-08-22 15:59:33 info: NOVA   : 0x49fc118e0c9931f8b287292b2e61b571651f01ec 
2025-08-22 15:59:33 info: Profiles: 0x12f4d09be9712C98Fb720dfa001BFb2a793C4DEF 
2025-08-22 15:59:33 info: Auction : 0xf471af2aFF654A07CD9f55B6cfa22dD019FbaFEf 
2025-08-22 15:59:33 info: OfferBk : 0x21C5AA053529A8bB2CF78D8aBcaE2b29e6b43fa7 
2025-08-22 15:59:33 info: Pool Event: A client connected successfully! 
2025-08-22 15:59:33 info: Successfully connected to the PostgreSQL database! 
2025-08-22 15:59:33 info: Dummy query result (current DB time): 
2025-08-22 15:59:51 info: Pool Event: A client connected successfully! 
2025-08-22 15:59:51 info: User logged in: seller_run19@example.com 
2025-08-22 16:00:13 info: Pool Event: A client connected successfully! 
2025-08-22 16:00:20 error: Error in createBlockchainProfile for seller_run19_item: transaction failed [ See: https://links.ethers.org/v5-errors-CALL_EXCEPTION ] (transactionHash="0x76ab0436fb902c35fbbbf81aa1a18e7044f2d2180d476d3ca0405c3bff9f7a52", transaction={"type":2,"chainId":80002,"nonce":4,"maxPriorityFeePerGas":{"type":"BigNumber","hex":"0x06fc23ac00"},"maxFeePerGas":{"type":"BigNumber","hex":"0x0df8475800"},"gasPrice":null,"gasLimit":{"type":"BigNumber","hex":"0x0493e0"},"to":"0x12f4d09be9712C98Fb720dfa001BFb2a793C4DEF","value":{"type":"BigNumber","hex":"0x00"},"data":"0xba1feb8a00000000000000000000000000000000000000000000000000000000000000400000000000000000000000000000000000000000000000000000000000000080000000000000000000000000000000000000000000000000000000000000001173656c6c65725f72756e31395f6974656d0000000000000000000000000000000000000000000000000000000000000000000000000000000000000000000035697066733a2f2f516d514b5a627974733754723856366938793370423261677869684c3641596f72616e736d676479546b396d4b460000000000000000000000","accessList":[],"hash":"0x76ab0436fb902c35fbbbf81aa1a18e7044f2d2180d476d3ca0405c3bff9f7a52","v":1,"r":"0x6975dce8c62657c5c705b1e6a7be825d4bd77eb17c394cec6ea385b2f7f665f6","s":"0x26eaf19cac948d3da979cef364ce4f454c15c4bfa1ba60f52867b47302b2cc9b","from":"0x4880321c526708d096b5E9a8e2a417c5bdB97b46","confirmations":0}, receipt={"to":"0x12f4d09be9712C98Fb720dfa001BFb2a793C4DEF","from":"0x4880321c526708d096b5E9a8e2a417c5bdB97b46","contractAddress":null,"transactionIndex":1,"gasUsed":{"type":"BigNumber","hex":"0x794d"},"logsBloom":"0x00000000000000000000000000000000000000000000000000000000000000000000000000000000000000000000000000008000000000000000000000400000000000000000000000000000000000800000000000100000000100001000000000000000800000000000000000000000000000000000000080000000000000000000000000000000000000000000000000000000000000000000000000000000200000000000000000000000000000000000000000000000000000000000004000000000000000000001000000000000000000000000000000100000000000000000100000000000000000000000008000000000000000000000000000100000","blockHash":"0x73ae3a916797fa260b87dbcc8e44663bb9c45cef3bf227788b78f10a00fdd2ef","transactionHash":"0x76ab0436fb902c35fbbbf81aa1a18e7044f2d2180d476d3ca0405c3bff9f7a52","logs":[{"transactionIndex":1,"blockNumber":25482035,"transactionHash":"0x76ab0436fb902c35fbbbf81aa1a18e7044f2d2180d476d3ca0405c3bff9f7a52","address":"0x0000000000000000000000000000000000001010","topics":["0x4dfe1bbbcf077ddc3e01291eea2d5c70c2b422b415d95645b9adcfd678cb1d63","0x0000000000000000000000000000000000000000000000000000000000001010","0x0000000000000000000000004880321c526708d096b5e9a8e2a417c5bdb97b46","0x0000000000000000000000004ad84f7014b7b44f723f284a85b1662337971439"],"data":"0x00000000000000000000000000000000000000000000000000034f46b306bc00000000000000000000000000000000000000000000000000012a118145050bc30000000000000000000000000000000000000000000009f320f1137d16a69d920000000000000000000000000000000000000000000000000126c23a91fe4fc30000000000000000000000000000000000000000000009f320f462c3c9ad5992","logIndex":4,"blockHash":"0x73ae3a916797fa260b87dbcc8e44663bb9c45cef3bf227788b78f10a00fdd2ef"}],"blockNumber":25482035,"confirmations":2,"cumulativeGasUsed":{"type":"BigNumber","hex":"0x036b7f"},"effectiveGasPrice":{"type":"BigNumber","hex":"0x06fc23ac3f"},"status":0,"type":2,"byzantium":true}, code=CALL_EXCEPTION, version=providers/5.8.0) 
Error: transaction failed [ See: https://links.ethers.org/v5-errors-CALL_EXCEPTION ] (transactionHash="0x76ab0436fb902c35fbbbf81aa1a18e7044f2d2180d476d3ca0405c3bff9f7a52", transaction={"type":2,"chainId":80002,"nonce":4,"maxPriorityFeePerGas":{"type":"BigNumber","hex":"0x06fc23ac00"},"maxFeePerGas":{"type":"BigNumber","hex":"0x0df8475800"},"gasPrice":null,"gasLimit":{"type":"BigNumber","hex":"0x0493e0"},"to":"0x12f4d09be9712C98Fb720dfa001BFb2a793C4DEF","value":{"type":"BigNumber","hex":"0x00"},"data":"0xba1feb8a00000000000000000000000000000000000000000000000000000000000000400000000000000000000000000000000000000000000000000000000000000080000000000000000000000000000000000000000000000000000000000000001173656c6c65725f72756e31395f6974656d0000000000000000000000000000000000000000000000000000000000000000000000000000000000000000000035697066733a2f2f516d514b5a627974733754723856366938793370423261677869684c3641596f72616e736d676479546b396d4b460000000000000000000000","accessList":[],"hash":"0x76ab0436fb902c35fbbbf81aa1a18e7044f2d2180d476d3ca0405c3bff9f7a52","v":1,"r":"0x6975dce8c62657c5c705b1e6a7be825d4bd77eb17c394cec6ea385b2f7f665f6","s":"0x26eaf19cac948d3da979cef364ce4f454c15c4bfa1ba60f52867b47302b2cc9b","from":"0x4880321c526708d096b5E9a8e2a417c5bdB97b46","confirmations":0}, receipt={"to":"0x12f4d09be9712C98Fb720dfa001BFb2a793C4DEF","from":"0x4880321c526708d096b5E9a8e2a417c5bdB97b46","contractAddress":null,"transactionIndex":1,"gasUsed":{"type":"BigNumber","hex":"0x794d"},"logsBloom":"0x00000000000000000000000000000000000000000000000000000000000000000000000000000000000000000000000000008000000000000000000000400000000000000000000000000000000000800000000000100000000100001000000000000000800000000000000000000000000000000000000080000000000000000000000000000000000000000000000000000000000000000000000000000000200000000000000000000000000000000000000000000000000000000000004000000000000000000001000000000000000000000000000000100000000000000000100000000000000000000000008000000000000000000000000000100000","blockHash":"0x73ae3a916797fa260b87dbcc8e44663bb9c45cef3bf227788b78f10a00fdd2ef","transactionHash":"0x76ab0436fb902c35fbbbf81aa1a18e7044f2d2180d476d3ca0405c3bff9f7a52","logs":[{"transactionIndex":1,"blockNumber":25482035,"transactionHash":"0x76ab0436fb902c35fbbbf81aa1a18e7044f2d2180d476d3ca0405c3bff9f7a52","address":"0x0000000000000000000000000000000000001010","topics":["0x4dfe1bbbcf077ddc3e01291eea2d5c70c2b422b415d95645b9adcfd678cb1d63","0x0000000000000000000000000000000000000000000000000000000000001010","0x0000000000000000000000004880321c526708d096b5e9a8e2a417c5bdb97b46","0x0000000000000000000000004ad84f7014b7b44f723f284a85b1662337971439"],"data":"0x00000000000000000000000000000000000000000000000000034f46b306bc00000000000000000000000000000000000000000000000000012a118145050bc30000000000000000000000000000000000000000000009f320f1137d16a69d920000000000000000000000000000000000000000000000000126c23a91fe4fc30000000000000000000000000000000000000000000009f320f462c3c9ad5992","logIndex":4,"blockHash":"0x73ae3a916797fa260b87dbcc8e44663bb9c45cef3bf227788b78f10a00fdd2ef"}],"blockNumber":25482035,"confirmations":2,"cumulativeGasUsed":{"type":"BigNumber","hex":"0x036b7f"},"effectiveGasPrice":{"type":"BigNumber","hex":"0x06fc23ac3f"},"status":0,"type":2,"byzantium":true}, code=CALL_EXCEPTION, version=providers/5.8.0)
    at Logger.makeError (M:\Desktop\CamAppServer\node_modules\@ethersproject\logger\lib\index.js:238:21)
    at Logger.throwError (M:\Desktop\CamAppServer\node_modules\@ethersproject\logger\lib\index.js:247:20)
    at JsonRpcProvider.<anonymous> (M:\Desktop\CamAppServer\node_modules\@ethersproject\providers\lib\base-provider.js:1693:36)
    at step (M:\Desktop\CamAppServer\node_modules\@ethersproject\providers\lib\base-provider.js:48:23)
    at Object.next (M:\Desktop\CamAppServer\node_modules\@ethersproject\providers\lib\base-provider.js:29:53)
    at fulfilled (M:\Desktop\CamAppServer\node_modules\@ethersproject\providers\lib\base-provider.js:20:58)
2025-08-22 16:00:20 error: Error in /create-profile endpoint: transaction failed [ See: https://links.ethers.org/v5-errors-CALL_EXCEPTION ] (transactionHash="0x76ab0436fb902c35fbbbf81aa1a18e7044f2d2180d476d3ca0405c3bff9f7a52", transaction={"type":2,"chainId":80002,"nonce":4,"maxPriorityFeePerGas":{"type":"BigNumber","hex":"0x06fc23ac00"},"maxFeePerGas":{"type":"BigNumber","hex":"0x0df8475800"},"gasPrice":null,"gasLimit":{"type":"BigNumber","hex":"0x0493e0"},"to":"0x12f4d09be9712C98Fb720dfa001BFb2a793C4DEF","value":{"type":"BigNumber","hex":"0x00"},"data":"0xba1feb8a00000000000000000000000000000000000000000000000000000000000000400000000000000000000000000000000000000000000000000000000000000080000000000000000000000000000000000000000000000000000000000000001173656c6c65725f72756e31395f6974656d0000000000000000000000000000000000000000000000000000000000000000000000000000000000000000000035697066733a2f2f516d514b5a627974733754723856366938793370423261677869684c3641596f72616e736d676479546b396d4b460000000000000000000000","accessList":[],"hash":"0x76ab0436fb902c35fbbbf81aa1a18e7044f2d2180d476d3ca0405c3bff9f7a52","v":1,"r":"0x6975dce8c62657c5c705b1e6a7be825d4bd77eb17c394cec6ea385b2f7f665f6","s":"0x26eaf19cac948d3da979cef364ce4f454c15c4bfa1ba60f52867b47302b2cc9b","from":"0x4880321c526708d096b5E9a8e2a417c5bdB97b46","confirmations":0}, receipt={"to":"0x12f4d09be9712C98Fb720dfa001BFb2a793C4DEF","from":"0x4880321c526708d096b5E9a8e2a417c5bdB97b46","contractAddress":null,"transactionIndex":1,"gasUsed":{"type":"BigNumber","hex":"0x794d"},"logsBloom":"0x00000000000000000000000000000000000000000000000000000000000000000000000000000000000000000000000000008000000000000000000000400000000000000000000000000000000000800000000000100000000100001000000000000000800000000000000000000000000000000000000080000000000000000000000000000000000000000000000000000000000000000000000000000000200000000000000000000000000000000000000000000000000000000000004000000000000000000001000000000000000000000000000000100000000000000000100000000000000000000000008000000000000000000000000000100000","blockHash":"0x73ae3a916797fa260b87dbcc8e44663bb9c45cef3bf227788b78f10a00fdd2ef","transactionHash":"0x76ab0436fb902c35fbbbf81aa1a18e7044f2d2180d476d3ca0405c3bff9f7a52","logs":[{"transactionIndex":1,"blockNumber":25482035,"transactionHash":"0x76ab0436fb902c35fbbbf81aa1a18e7044f2d2180d476d3ca0405c3bff9f7a52","address":"0x0000000000000000000000000000000000001010","topics":["0x4dfe1bbbcf077ddc3e01291eea2d5c70c2b422b415d95645b9adcfd678cb1d63","0x0000000000000000000000000000000000000000000000000000000000001010","0x0000000000000000000000004880321c526708d096b5e9a8e2a417c5bdb97b46","0x0000000000000000000000004ad84f7014b7b44f723f284a85b1662337971439"],"data":"0x00000000000000000000000000000000000000000000000000034f46b306bc00000000000000000000000000000000000000000000000000012a118145050bc30000000000000000000000000000000000000000000009f320f1137d16a69d920000000000000000000000000000000000000000000000000126c23a91fe4fc30000000000000000000000000000000000000000000009f320f462c3c9ad5992","logIndex":4,"blockHash":"0x73ae3a916797fa260b87dbcc8e44663bb9c45cef3bf227788b78f10a00fdd2ef"}],"blockNumber":25482035,"confirmations":2,"cumulativeGasUsed":{"type":"BigNumber","hex":"0x036b7f"},"effectiveGasPrice":{"type":"BigNumber","hex":"0x06fc23ac3f"},"status":0,"type":2,"byzantium":true}, code=CALL_EXCEPTION, version=providers/5.8.0) 
Error: transaction failed [ See: https://links.ethers.org/v5-errors-CALL_EXCEPTION ] (transactionHash="0x76ab0436fb902c35fbbbf81aa1a18e7044f2d2180d476d3ca0405c3bff9f7a52", transaction={"type":2,"chainId":80002,"nonce":4,"maxPriorityFeePerGas":{"type":"BigNumber","hex":"0x06fc23ac00"},"maxFeePerGas":{"type":"BigNumber","hex":"0x0df8475800"},"gasPrice":null,"gasLimit":{"type":"BigNumber","hex":"0x0493e0"},"to":"0x12f4d09be9712C98Fb720dfa001BFb2a793C4DEF","value":{"type":"BigNumber","hex":"0x00"},"data":"0xba1feb8a00000000000000000000000000000000000000000000000000000000000000400000000000000000000000000000000000000000000000000000000000000080000000000000000000000000000000000000000000000000000000000000001173656c6c65725f72756e31395f6974656d0000000000000000000000000000000000000000000000000000000000000000000000000000000000000000000035697066733a2f2f516d514b5a627974733754723856366938793370423261677869684c3641596f72616e736d676479546b396d4b460000000000000000000000","accessList":[],"hash":"0x76ab0436fb902c35fbbbf81aa1a18e7044f2d2180d476d3ca0405c3bff9f7a52","v":1,"r":"0x6975dce8c62657c5c705b1e6a7be825d4bd77eb17c394cec6ea385b2f7f665f6","s":"0x26eaf19cac948d3da979cef364ce4f454c15c4bfa1ba60f52867b47302b2cc9b","from":"0x4880321c526708d096b5E9a8e2a417c5bdB97b46","confirmations":0}, receipt={"to":"0x12f4d09be9712C98Fb720dfa001BFb2a793C4DEF","from":"0x4880321c526708d096b5E9a8e2a417c5bdB97b46","contractAddress":null,"transactionIndex":1,"gasUsed":{"type":"BigNumber","hex":"0x794d"},"logsBloom":"0x00000000000000000000000000000000000000000000000000000000000000000000000000000000000000000000000000008000000000000000000000400000000000000000000000000000000000800000000000100000000100001000000000000000800000000000000000000000000000000000000080000000000000000000000000000000000000000000000000000000000000000000000000000000200000000000000000000000000000000000000000000000000000000000004000000000000000000001000000000000000000000000000000100000000000000000100000000000000000000000008000000000000000000000000000100000","blockHash":"0x73ae3a916797fa260b87dbcc8e44663bb9c45cef3bf227788b78f10a00fdd2ef","transactionHash":"0x76ab0436fb902c35fbbbf81aa1a18e7044f2d2180d476d3ca0405c3bff9f7a52","logs":[{"transactionIndex":1,"blockNumber":25482035,"transactionHash":"0x76ab0436fb902c35fbbbf81aa1a18e7044f2d2180d476d3ca0405c3bff9f7a52","address":"0x0000000000000000000000000000000000001010","topics":["0x4dfe1bbbcf077ddc3e01291eea2d5c70c2b422b415d95645b9adcfd678cb1d63","0x0000000000000000000000000000000000000000000000000000000000001010","0x0000000000000000000000004880321c526708d096b5e9a8e2a417c5bdb97b46","0x0000000000000000000000004ad84f7014b7b44f723f284a85b1662337971439"],"data":"0x00000000000000000000000000000000000000000000000000034f46b306bc00000000000000000000000000000000000000000000000000012a118145050bc30000000000000000000000000000000000000000000009f320f1137d16a69d920000000000000000000000000000000000000000000000000126c23a91fe4fc30000000000000000000000000000000000000000000009f320f462c3c9ad5992","logIndex":4,"blockHash":"0x73ae3a916797fa260b87dbcc8e44663bb9c45cef3bf227788b78f10a00fdd2ef"}],"blockNumber":25482035,"confirmations":2,"cumulativeGasUsed":{"type":"BigNumber","hex":"0x036b7f"},"effectiveGasPrice":{"type":"BigNumber","hex":"0x06fc23ac3f"},"status":0,"type":2,"byzantium":true}, code=CALL_EXCEPTION, version=providers/5.8.0)
    at Logger.makeError (M:\Desktop\CamAppServer\node_modules\@ethersproject\logger\lib\index.js:238:21)
    at Logger.throwError (M:\Desktop\CamAppServer\node_modules\@ethersproject\logger\lib\index.js:247:20)
    at JsonRpcProvider.<anonymous> (M:\Desktop\CamAppServer\node_modules\@ethersproject\providers\lib\base-provider.js:1693:36)
    at step (M:\Desktop\CamAppServer\node_modules\@ethersproject\providers\lib\base-provider.js:48:23)
    at Object.next (M:\Desktop\CamAppServer\node_modules\@ethersproject\providers\lib\base-provider.js:29:53)
    at fulfilled (M:\Desktop\CamAppServer\node_modules\@ethersproject\providers\lib\base-provider.js:20:58)
2025-08-22 16:02:35 info: Pool Event: A client connected successfully! 
2025-08-22 16:02:35 info: Created custodial wallet: 0x43818294A0871279536e6F00d0f09655ACea8815 
2025-08-22 16:02:35 error: Error creating user in DB: 
2025-08-22 16:02:35 error: Error during user registration: duplicate key value violates unique constraint "users_username_key" 
error: duplicate key value violates unique constraint "users_username_key"
    at M:\Desktop\CamAppServer\node_modules\pg\lib\client.js:545:17
    at process.processTicksAndRejections (node:internal/process/task_queues:95:5)
    at async Object.createUser (M:\Desktop\CamAppServer\src\services\db.js:60:17)
    at async M:\Desktop\CamAppServer\src\routes\user.js:47:21
2025-08-22 16:03:32 info: Pool Event: A client connected successfully! 
2025-08-22 16:03:32 info: Created custodial wallet: 0xA76D6EB318D3e212A1bC363aA76D5FB169CEeDb3 
2025-08-22 16:03:32 info: User created with ID: 51, Email: seller_run20@example.com 
2025-08-22 16:05:51 info: Pool Event: A client connected successfully! 
2025-08-22 16:05:58 error: Error in createBlockchainProfile for seller_run20_item: transaction failed [ See: https://links.ethers.org/v5-errors-CALL_EXCEPTION ] (transactionHash="0xb04f01d8bd040de2cae1b37ce7bc956f1ee0d9971b8dc566c1fd5373bb987e05", transaction={"type":2,"chainId":80002,"nonce":5,"maxPriorityFeePerGas":{"type":"BigNumber","hex":"0x06fc23ac00"},"maxFeePerGas":{"type":"BigNumber","hex":"0x0df8475800"},"gasPrice":null,"gasLimit":{"type":"BigNumber","hex":"0x0493e0"},"to":"0x12f4d09be9712C98Fb720dfa001BFb2a793C4DEF","value":{"type":"BigNumber","hex":"0x00"},"data":"0xba1feb8a00000000000000000000000000000000000000000000000000000000000000400000000000000000000000000000000000000000000000000000000000000080000000000000000000000000000000000000000000000000000000000000001173656c6c65725f72756e32305f6974656d0000000000000000000000000000000000000000000000000000000000000000000000000000000000000000000035697066733a2f2f516d6535656a336a5579474750615a3367383171334754374b374b51724358706b6645737533536e6d416e79634b0000000000000000000000","accessList":[],"hash":"0xb04f01d8bd040de2cae1b37ce7bc956f1ee0d9971b8dc566c1fd5373bb987e05","v":0,"r":"0x4cd768953b3f99f3af9885481b526166fb7c34821bee7cf4479eae659b38aac9","s":"0x08b8c4231664db9aeb87bf1350b2f420bd6db5359401551631ce3d2d6362c825","from":"0x4880321c526708d096b5E9a8e2a417c5bdB97b46","confirmations":0}, receipt={"to":"0x12f4d09be9712C98Fb720dfa001BFb2a793C4DEF","from":"0x4880321c526708d096b5E9a8e2a417c5bdB97b46","contractAddress":null,"transactionIndex":0,"gasUsed":{"type":"BigNumber","hex":"0x794d"},"logsBloom":"0x00000000000000000000000000000000000000000000020000000000000000000000000000000000000000000000000000008000000000000000000000000000000000000000000000000000000000800000000000100000000100000000000000000000800000000000000000000000000000000000000080000000000000000000000000000000000000000000000000000000000000000010000000000000200000000000000000000000000000000000000000000000000000000000004000000000000000000001000000000000000000000000000000100000000000000000100000020000000000000000000000000000000000000000000000100000","blockHash":"0x0c7e56cde5db5f670e9e8d32caf8e12a311990e27a581f2d789160f35494f819","transactionHash":"0xb04f01d8bd040de2cae1b37ce7bc956f1ee0d9971b8dc566c1fd5373bb987e05","logs":[{"transactionIndex":0,"blockNumber":25482194,"transactionHash":"0xb04f01d8bd040de2cae1b37ce7bc956f1ee0d9971b8dc566c1fd5373bb987e05","address":"0x0000000000000000000000000000000000001010","topics":["0x4dfe1bbbcf077ddc3e01291eea2d5c70c2b422b415d95645b9adcfd678cb1d63","0x0000000000000000000000000000000000000000000000000000000000001010","0x0000000000000000000000004880321c526708d096b5e9a8e2a417c5bdb97b46","0x00000000000000000000000085ebd6dc97d56f62e371382b38eae91f3bb4ecb2"],"data":"0x00000000000000000000000000000000000000000000000000034f46b306bc000000000000000000000000000000000000000000000000000126c23a91e075d00000000000000000000000000000000000000000000001a938877def93a81d2a000000000000000000000000000000000000000000000000012372f3ded9b9d00000000000000000000000000000000000000000000001a9388acd3646aed92a","logIndex":0,"blockHash":"0x0c7e56cde5db5f670e9e8d32caf8e12a311990e27a581f2d789160f35494f819"}],"blockNumber":25482194,"confirmations":2,"cumulativeGasUsed":{"type":"BigNumber","hex":"0x794d"},"effectiveGasPrice":{"type":"BigNumber","hex":"0x06fc23ac3f"},"status":0,"type":2,"byzantium":true}, code=CALL_EXCEPTION, version=providers/5.8.0) 
Error: transaction failed [ See: https://links.ethers.org/v5-errors-CALL_EXCEPTION ] (transactionHash="0xb04f01d8bd040de2cae1b37ce7bc956f1ee0d9971b8dc566c1fd5373bb987e05", transaction={"type":2,"chainId":80002,"nonce":5,"maxPriorityFeePerGas":{"type":"BigNumber","hex":"0x06fc23ac00"},"maxFeePerGas":{"type":"BigNumber","hex":"0x0df8475800"},"gasPrice":null,"gasLimit":{"type":"BigNumber","hex":"0x0493e0"},"to":"0x12f4d09be9712C98Fb720dfa001BFb2a793C4DEF","value":{"type":"BigNumber","hex":"0x00"},"data":"0xba1feb8a00000000000000000000000000000000000000000000000000000000000000400000000000000000000000000000000000000000000000000000000000000080000000000000000000000000000000000000000000000000000000000000001173656c6c65725f72756e32305f6974656d0000000000000000000000000000000000000000000000000000000000000000000000000000000000000000000035697066733a2f2f516d6535656a336a5579474750615a3367383171334754374b374b51724358706b6645737533536e6d416e79634b0000000000000000000000","accessList":[],"hash":"0xb04f01d8bd040de2cae1b37ce7bc956f1ee0d9971b8dc566c1fd5373bb987e05","v":0,"r":"0x4cd768953b3f99f3af9885481b526166fb7c34821bee7cf4479eae659b38aac9","s":"0x08b8c4231664db9aeb87bf1350b2f420bd6db5359401551631ce3d2d6362c825","from":"0x4880321c526708d096b5E9a8e2a417c5bdB97b46","confirmations":0}, receipt={"to":"0x12f4d09be9712C98Fb720dfa001BFb2a793C4DEF","from":"0x4880321c526708d096b5E9a8e2a417c5bdB97b46","contractAddress":null,"transactionIndex":0,"gasUsed":{"type":"BigNumber","hex":"0x794d"},"logsBloom":"0x00000000000000000000000000000000000000000000020000000000000000000000000000000000000000000000000000008000000000000000000000000000000000000000000000000000000000800000000000100000000100000000000000000000800000000000000000000000000000000000000080000000000000000000000000000000000000000000000000000000000000000010000000000000200000000000000000000000000000000000000000000000000000000000004000000000000000000001000000000000000000000000000000100000000000000000100000020000000000000000000000000000000000000000000000100000","blockHash":"0x0c7e56cde5db5f670e9e8d32caf8e12a311990e27a581f2d789160f35494f819","transactionHash":"0xb04f01d8bd040de2cae1b37ce7bc956f1ee0d9971b8dc566c1fd5373bb987e05","logs":[{"transactionIndex":0,"blockNumber":25482194,"transactionHash":"0xb04f01d8bd040de2cae1b37ce7bc956f1ee0d9971b8dc566c1fd5373bb987e05","address":"0x0000000000000000000000000000000000001010","topics":["0x4dfe1bbbcf077ddc3e01291eea2d5c70c2b422b415d95645b9adcfd678cb1d63","0x0000000000000000000000000000000000000000000000000000000000001010","0x0000000000000000000000004880321c526708d096b5e9a8e2a417c5bdb97b46","0x00000000000000000000000085ebd6dc97d56f62e371382b38eae91f3bb4ecb2"],"data":"0x00000000000000000000000000000000000000000000000000034f46b306bc000000000000000000000000000000000000000000000000000126c23a91e075d00000000000000000000000000000000000000000000001a938877def93a81d2a000000000000000000000000000000000000000000000000012372f3ded9b9d00000000000000000000000000000000000000000000001a9388acd3646aed92a","logIndex":0,"blockHash":"0x0c7e56cde5db5f670e9e8d32caf8e12a311990e27a581f2d789160f35494f819"}],"blockNumber":25482194,"confirmations":2,"cumulativeGasUsed":{"type":"BigNumber","hex":"0x794d"},"effectiveGasPrice":{"type":"BigNumber","hex":"0x06fc23ac3f"},"status":0,"type":2,"byzantium":true}, code=CALL_EXCEPTION, version=providers/5.8.0)
    at Logger.makeError (M:\Desktop\CamAppServer\node_modules\@ethersproject\logger\lib\index.js:238:21)
    at Logger.throwError (M:\Desktop\CamAppServer\node_modules\@ethersproject\logger\lib\index.js:247:20)
    at JsonRpcProvider.<anonymous> (M:\Desktop\CamAppServer\node_modules\@ethersproject\providers\lib\base-provider.js:1693:36)
    at step (M:\Desktop\CamAppServer\node_modules\@ethersproject\providers\lib\base-provider.js:48:23)
    at Object.next (M:\Desktop\CamAppServer\node_modules\@ethersproject\providers\lib\base-provider.js:29:53)
    at fulfilled (M:\Desktop\CamAppServer\node_modules\@ethersproject\providers\lib\base-provider.js:20:58)
2025-08-22 16:05:58 error: Error in /create-profile endpoint: transaction failed [ See: https://links.ethers.org/v5-errors-CALL_EXCEPTION ] (transactionHash="0xb04f01d8bd040de2cae1b37ce7bc956f1ee0d9971b8dc566c1fd5373bb987e05", transaction={"type":2,"chainId":80002,"nonce":5,"maxPriorityFeePerGas":{"type":"BigNumber","hex":"0x06fc23ac00"},"maxFeePerGas":{"type":"BigNumber","hex":"0x0df8475800"},"gasPrice":null,"gasLimit":{"type":"BigNumber","hex":"0x0493e0"},"to":"0x12f4d09be9712C98Fb720dfa001BFb2a793C4DEF","value":{"type":"BigNumber","hex":"0x00"},"data":"0xba1feb8a00000000000000000000000000000000000000000000000000000000000000400000000000000000000000000000000000000000000000000000000000000080000000000000000000000000000000000000000000000000000000000000001173656c6c65725f72756e32305f6974656d0000000000000000000000000000000000000000000000000000000000000000000000000000000000000000000035697066733a2f2f516d6535656a336a5579474750615a3367383171334754374b374b51724358706b6645737533536e6d416e79634b0000000000000000000000","accessList":[],"hash":"0xb04f01d8bd040de2cae1b37ce7bc956f1ee0d9971b8dc566c1fd5373bb987e05","v":0,"r":"0x4cd768953b3f99f3af9885481b526166fb7c34821bee7cf4479eae659b38aac9","s":"0x08b8c4231664db9aeb87bf1350b2f420bd6db5359401551631ce3d2d6362c825","from":"0x4880321c526708d096b5E9a8e2a417c5bdB97b46","confirmations":0}, receipt={"to":"0x12f4d09be9712C98Fb720dfa001BFb2a793C4DEF","from":"0x4880321c526708d096b5E9a8e2a417c5bdB97b46","contractAddress":null,"transactionIndex":0,"gasUsed":{"type":"BigNumber","hex":"0x794d"},"logsBloom":"0x00000000000000000000000000000000000000000000020000000000000000000000000000000000000000000000000000008000000000000000000000000000000000000000000000000000000000800000000000100000000100000000000000000000800000000000000000000000000000000000000080000000000000000000000000000000000000000000000000000000000000000010000000000000200000000000000000000000000000000000000000000000000000000000004000000000000000000001000000000000000000000000000000100000000000000000100000020000000000000000000000000000000000000000000000100000","blockHash":"0x0c7e56cde5db5f670e9e8d32caf8e12a311990e27a581f2d789160f35494f819","transactionHash":"0xb04f01d8bd040de2cae1b37ce7bc956f1ee0d9971b8dc566c1fd5373bb987e05","logs":[{"transactionIndex":0,"blockNumber":25482194,"transactionHash":"0xb04f01d8bd040de2cae1b37ce7bc956f1ee0d9971b8dc566c1fd5373bb987e05","address":"0x0000000000000000000000000000000000001010","topics":["0x4dfe1bbbcf077ddc3e01291eea2d5c70c2b422b415d95645b9adcfd678cb1d63","0x0000000000000000000000000000000000000000000000000000000000001010","0x0000000000000000000000004880321c526708d096b5e9a8e2a417c5bdb97b46","0x00000000000000000000000085ebd6dc97d56f62e371382b38eae91f3bb4ecb2"],"data":"0x00000000000000000000000000000000000000000000000000034f46b306bc000000000000000000000000000000000000000000000000000126c23a91e075d00000000000000000000000000000000000000000000001a938877def93a81d2a000000000000000000000000000000000000000000000000012372f3ded9b9d00000000000000000000000000000000000000000000001a9388acd3646aed92a","logIndex":0,"blockHash":"0x0c7e56cde5db5f670e9e8d32caf8e12a311990e27a581f2d789160f35494f819"}],"blockNumber":25482194,"confirmations":2,"cumulativeGasUsed":{"type":"BigNumber","hex":"0x794d"},"effectiveGasPrice":{"type":"BigNumber","hex":"0x06fc23ac3f"},"status":0,"type":2,"byzantium":true}, code=CALL_EXCEPTION, version=providers/5.8.0) 
Error: transaction failed [ See: https://links.ethers.org/v5-errors-CALL_EXCEPTION ] (transactionHash="0xb04f01d8bd040de2cae1b37ce7bc956f1ee0d9971b8dc566c1fd5373bb987e05", transaction={"type":2,"chainId":80002,"nonce":5,"maxPriorityFeePerGas":{"type":"BigNumber","hex":"0x06fc23ac00"},"maxFeePerGas":{"type":"BigNumber","hex":"0x0df8475800"},"gasPrice":null,"gasLimit":{"type":"BigNumber","hex":"0x0493e0"},"to":"0x12f4d09be9712C98Fb720dfa001BFb2a793C4DEF","value":{"type":"BigNumber","hex":"0x00"},"data":"0xba1feb8a00000000000000000000000000000000000000000000000000000000000000400000000000000000000000000000000000000000000000000000000000000080000000000000000000000000000000000000000000000000000000000000001173656c6c65725f72756e32305f6974656d0000000000000000000000000000000000000000000000000000000000000000000000000000000000000000000035697066733a2f2f516d6535656a336a5579474750615a3367383171334754374b374b51724358706b6645737533536e6d416e79634b0000000000000000000000","accessList":[],"hash":"0xb04f01d8bd040de2cae1b37ce7bc956f1ee0d9971b8dc566c1fd5373bb987e05","v":0,"r":"0x4cd768953b3f99f3af9885481b526166fb7c34821bee7cf4479eae659b38aac9","s":"0x08b8c4231664db9aeb87bf1350b2f420bd6db5359401551631ce3d2d6362c825","from":"0x4880321c526708d096b5E9a8e2a417c5bdB97b46","confirmations":0}, receipt={"to":"0x12f4d09be9712C98Fb720dfa001BFb2a793C4DEF","from":"0x4880321c526708d096b5E9a8e2a417c5bdB97b46","contractAddress":null,"transactionIndex":0,"gasUsed":{"type":"BigNumber","hex":"0x794d"},"logsBloom":"0x00000000000000000000000000000000000000000000020000000000000000000000000000000000000000000000000000008000000000000000000000000000000000000000000000000000000000800000000000100000000100000000000000000000800000000000000000000000000000000000000080000000000000000000000000000000000000000000000000000000000000000010000000000000200000000000000000000000000000000000000000000000000000000000004000000000000000000001000000000000000000000000000000100000000000000000100000020000000000000000000000000000000000000000000000100000","blockHash":"0x0c7e56cde5db5f670e9e8d32caf8e12a311990e27a581f2d789160f35494f819","transactionHash":"0xb04f01d8bd040de2cae1b37ce7bc956f1ee0d9971b8dc566c1fd5373bb987e05","logs":[{"transactionIndex":0,"blockNumber":25482194,"transactionHash":"0xb04f01d8bd040de2cae1b37ce7bc956f1ee0d9971b8dc566c1fd5373bb987e05","address":"0x0000000000000000000000000000000000001010","topics":["0x4dfe1bbbcf077ddc3e01291eea2d5c70c2b422b415d95645b9adcfd678cb1d63","0x0000000000000000000000000000000000000000000000000000000000001010","0x0000000000000000000000004880321c526708d096b5e9a8e2a417c5bdb97b46","0x00000000000000000000000085ebd6dc97d56f62e371382b38eae91f3bb4ecb2"],"data":"0x00000000000000000000000000000000000000000000000000034f46b306bc000000000000000000000000000000000000000000000000000126c23a91e075d00000000000000000000000000000000000000000000001a938877def93a81d2a000000000000000000000000000000000000000000000000012372f3ded9b9d00000000000000000000000000000000000000000000001a9388acd3646aed92a","logIndex":0,"blockHash":"0x0c7e56cde5db5f670e9e8d32caf8e12a311990e27a581f2d789160f35494f819"}],"blockNumber":25482194,"confirmations":2,"cumulativeGasUsed":{"type":"BigNumber","hex":"0x794d"},"effectiveGasPrice":{"type":"BigNumber","hex":"0x06fc23ac3f"},"status":0,"type":2,"byzantium":true}, code=CALL_EXCEPTION, version=providers/5.8.0)
    at Logger.makeError (M:\Desktop\CamAppServer\node_modules\@ethersproject\logger\lib\index.js:238:21)
    at Logger.throwError (M:\Desktop\CamAppServer\node_modules\@ethersproject\logger\lib\index.js:247:20)
    at JsonRpcProvider.<anonymous> (M:\Desktop\CamAppServer\node_modules\@ethersproject\providers\lib\base-provider.js:1693:36)
    at step (M:\Desktop\CamAppServer\node_modules\@ethersproject\providers\lib\base-provider.js:48:23)
    at Object.next (M:\Desktop\CamAppServer\node_modules\@ethersproject\providers\lib\base-provider.js:29:53)
    at fulfilled (M:\Desktop\CamAppServer\node_modules\@ethersproject\providers\lib\base-provider.js:20:58)
2025-08-22 16:06:06 info: Pool Event: A client connected successfully! 
2025-08-22 16:06:06 info: User logged in: seller_run20@example.com 
2025-08-22 16:06:27 info: Pool Event: A client connected successfully! 
2025-08-22 16:06:28 error: Error in /create-profile endpoint: Wallet has 0 POL. Cannot pay for gas. 
Error: Wallet has 0 POL. Cannot pay for gas.
    at createBlockchainProfile (M:\Desktop\CamAppServer\src\services\blockchain.js:111:24)
    at process.processTicksAndRejections (node:internal/process/task_queues:95:5)
    at async M:\Desktop\CamAppServer\src\routes\nft.js:73:20
2025-08-22 16:22:42 info: Pool Event: A client connected successfully! 
2025-08-22 16:22:49 info: Transaction confirmed. Profile created with tokenId: 34 
2025-08-22 16:22:49 info: NFT added to DB: Token ID 34, Owner ID 51. 
2025-08-22 16:22:49 info: Profile NFT 34 for user 51 saved to database. 
2025-08-22 16:23:23 info: Pool Event: A client connected successfully! 
2025-08-22 16:23:47 info: Pool Event: A client connected successfully! 
2025-08-22 16:23:54 info: Initial listing created for NFT 34. 
2025-08-22 16:23:54 info: Listing 10 updated with auction details. 
2025-08-22 16:24:22 info: Pool Event: A client connected successfully! 
2025-08-22 16:24:48 info: Pool Event: A client connected successfully! 
2025-08-22 16:24:48 info: User logged in: seller_run20@example.com 
2025-08-22 16:44:12 info: Pool Event: A client connected successfully! 
2025-08-22 16:44:25 error: Error in updateListingStatusAndWinner(10): 
2025-08-22 16:44:25 error: API Error ending auction 22: 
2025-08-22 16:46:13 info: Pool Event: A client connected successfully! 
2025-08-22 21:22:51 info: Pool Event: A client connected successfully! 
2025-08-22 21:22:51 error: jwt expired 
TokenExpiredError: jwt expired
    at M:\Desktop\CamAppServer\node_modules\jsonwebtoken\verify.js:190:21
    at getSecret (M:\Desktop\CamAppServer\node_modules\jsonwebtoken\verify.js:97:14)
    at module.exports [as verify] (M:\Desktop\CamAppServer\node_modules\jsonwebtoken\verify.js:101:10)
    at authenticateToken (M:\Desktop\CamAppServer\src\middleware\authenticateToken.js:16:9)
    at Layer.handle [as handle_request] (M:\Desktop\CamAppServer\node_modules\express\lib\router\layer.js:95:5)
    at next (M:\Desktop\CamAppServer\node_modules\express\lib\router\route.js:149:13)
    at Route.dispatch (M:\Desktop\CamAppServer\node_modules\express\lib\router\route.js:119:3)
    at Layer.handle [as handle_request] (M:\Desktop\CamAppServer\node_modules\express\lib\router\layer.js:95:5)
    at M:\Desktop\CamAppServer\node_modules\express\lib\router\index.js:284:15
    at Function.process_params (M:\Desktop\CamAppServer\node_modules\express\lib\router\index.js:346:12)
2025-08-22 21:22:58 error: jwt expired 
TokenExpiredError: jwt expired
    at M:\Desktop\CamAppServer\node_modules\jsonwebtoken\verify.js:190:21
    at getSecret (M:\Desktop\CamAppServer\node_modules\jsonwebtoken\verify.js:97:14)
    at module.exports [as verify] (M:\Desktop\CamAppServer\node_modules\jsonwebtoken\verify.js:101:10)
    at authenticateToken (M:\Desktop\CamAppServer\src\middleware\authenticateToken.js:16:9)
    at Layer.handle [as handle_request] (M:\Desktop\CamAppServer\node_modules\express\lib\router\layer.js:95:5)
    at next (M:\Desktop\CamAppServer\node_modules\express\lib\router\route.js:149:13)
    at Route.dispatch (M:\Desktop\CamAppServer\node_modules\express\lib\router\route.js:119:3)
    at Layer.handle [as handle_request] (M:\Desktop\CamAppServer\node_modules\express\lib\router\layer.js:95:5)
    at M:\Desktop\CamAppServer\node_modules\express\lib\router\index.js:284:15
    at Function.process_params (M:\Desktop\CamAppServer\node_modules\express\lib\router\index.js:346:12)
2025-08-22 21:22:58 error: jwt expired 
TokenExpiredError: jwt expired
    at M:\Desktop\CamAppServer\node_modules\jsonwebtoken\verify.js:190:21
    at getSecret (M:\Desktop\CamAppServer\node_modules\jsonwebtoken\verify.js:97:14)
    at module.exports [as verify] (M:\Desktop\CamAppServer\node_modules\jsonwebtoken\verify.js:101:10)
    at authenticateToken (M:\Desktop\CamAppServer\src\middleware\authenticateToken.js:16:9)
    at Layer.handle [as handle_request] (M:\Desktop\CamAppServer\node_modules\express\lib\router\layer.js:95:5)
    at next (M:\Desktop\CamAppServer\node_modules\express\lib\router\route.js:149:13)
    at Route.dispatch (M:\Desktop\CamAppServer\node_modules\express\lib\router\route.js:119:3)
    at Layer.handle [as handle_request] (M:\Desktop\CamAppServer\node_modules\express\lib\router\layer.js:95:5)
    at M:\Desktop\CamAppServer\node_modules\express\lib\router\index.js:284:15
    at Function.process_params (M:\Desktop\CamAppServer\node_modules\express\lib\router\index.js:346:12)
2025-08-22 21:23:19 info: Pool Event: A client connected successfully! 
2025-08-22 21:23:19 info: User logged in: seller_run20@example.com 
